[1.125s] DEBUG:colcon:Command line arguments: ['/usr/bin/colcon', 'build', '--symlink-install']
[1.125s] DEBUG:colcon:Parsed command line arguments: Namespace(log_base=None, log_level=None, verb_name='build', build_base='build', install_base='install', merge_install=False, symlink_install=True, test_result_base=None, continue_on_error=False, executor='parallel', parallel_workers=16, event_handlers=None, ignore_user_meta=False, metas=['./colcon.meta'], base_paths=['.'], packages_ignore=None, packages_ignore_regex=None, paths=None, packages_up_to=None, packages_up_to_regex=None, packages_above=None, packages_above_and_dependencies=None, packages_above_depth=None, packages_select_by_dep=None, packages_skip_by_dep=None, packages_skip_up_to=None, packages_select_build_failed=False, packages_skip_build_finished=False, packages_select_test_failures=False, packages_skip_test_passed=False, packages_select=None, packages_skip=None, packages_select_regex=None, packages_skip_regex=None, packages_start=None, packages_end=None, allow_overriding=[], cmake_args=None, cmake_target=None, cmake_target_skip_unavailable=False, cmake_clean_cache=False, cmake_clean_first=False, cmake_force_configure=False, ament_cmake_args=None, catkin_cmake_args=None, catkin_skip_building_tests=False, mixin_files=None, mixin=None, verb_parser=<colcon_mixin.mixin.mixin_argument.MixinArgumentDecorator object at 0x7b095d1357f0>, verb_extension=<colcon_core.verb.build.BuildVerb object at 0x7b095d299790>, main=<bound method BuildVerb.main of <colcon_core.verb.build.BuildVerb object at 0x7b095d299790>>, mixin_verb=('build',))
[1.306s] Level 1:colcon.colcon_core.package_discovery:discover_packages(colcon_meta) check parameters
[1.306s] Level 1:colcon.colcon_core.package_discovery:discover_packages(recursive) check parameters
[1.306s] Level 1:colcon.colcon_core.package_discovery:discover_packages(ignore) check parameters
[1.306s] Level 1:colcon.colcon_core.package_discovery:discover_packages(path) check parameters
[1.306s] Level 1:colcon.colcon_core.package_discovery:discover_packages(colcon_meta) discover
[1.306s] Level 1:colcon.colcon_core.package_discovery:discover_packages(recursive) discover
[1.306s] INFO:colcon.colcon_core.package_discovery:Crawling recursively for packages in '/home/leeji/ROS-Robotic-Arm-Control/WorkSpace_ROS'
[1.306s] Level 1:colcon.colcon_core.package_identification:_identify(.) by extensions ['ignore', 'ignore_ament_install']
[1.306s] Level 1:colcon.colcon_core.package_identification:_identify(.) by extension 'ignore'
[1.306s] Level 1:colcon.colcon_core.package_identification:_identify(.) by extension 'ignore_ament_install'
[1.307s] Level 1:colcon.colcon_core.package_identification:_identify(.) by extensions ['colcon_pkg']
[1.307s] Level 1:colcon.colcon_core.package_identification:_identify(.) by extension 'colcon_pkg'
[1.307s] Level 1:colcon.colcon_core.package_identification:_identify(.) by extensions ['colcon_meta']
[1.307s] Level 1:colcon.colcon_core.package_identification:_identify(.) by extension 'colcon_meta'
[1.307s] Level 1:colcon.colcon_core.package_identification:_identify(.) by extensions ['ros']
[1.307s] Level 1:colcon.colcon_core.package_identification:_identify(.) by extension 'ros'
[1.374s] Level 1:colcon.colcon_core.package_identification:_identify(.) by extensions ['cmake', 'python']
[1.375s] Level 1:colcon.colcon_core.package_identification:_identify(.) by extension 'cmake'
[1.375s] Level 1:colcon.colcon_core.package_identification:_identify(.) by extension 'python'
[1.375s] Level 1:colcon.colcon_core.package_identification:_identify(.) by extensions ['python_setup_py']
[1.375s] Level 1:colcon.colcon_core.package_identification:_identify(.) by extension 'python_setup_py'
[1.375s] Level 1:colcon.colcon_core.package_identification:_identify(build) by extensions ['ignore', 'ignore_ament_install']
[1.375s] Level 1:colcon.colcon_core.package_identification:_identify(build) by extension 'ignore'
[1.375s] Level 1:colcon.colcon_core.package_identification:_identify(build) ignored
[1.375s] Level 1:colcon.colcon_core.package_identification:_identify(install) by extensions ['ignore', 'ignore_ament_install']
[1.375s] Level 1:colcon.colcon_core.package_identification:_identify(install) by extension 'ignore'
[1.375s] Level 1:colcon.colcon_core.package_identification:_identify(install) ignored
[1.376s] Level 1:colcon.colcon_core.package_identification:_identify(log) by extensions ['ignore', 'ignore_ament_install']
[1.376s] Level 1:colcon.colcon_core.package_identification:_identify(log) by extension 'ignore'
[1.376s] Level 1:colcon.colcon_core.package_identification:_identify(log) ignored
[1.376s] Level 1:colcon.colcon_core.package_identification:_identify(src) by extensions ['ignore', 'ignore_ament_install']
[1.376s] Level 1:colcon.colcon_core.package_identification:_identify(src) by extension 'ignore'
[1.376s] Level 1:colcon.colcon_core.package_identification:_identify(src) by extension 'ignore_ament_install'
[1.376s] Level 1:colcon.colcon_core.package_identification:_identify(src) by extensions ['colcon_pkg']
[1.376s] Level 1:colcon.colcon_core.package_identification:_identify(src) by extension 'colcon_pkg'
[1.376s] Level 1:colcon.colcon_core.package_identification:_identify(src) by extensions ['colcon_meta']
[1.376s] Level 1:colcon.colcon_core.package_identification:_identify(src) by extension 'colcon_meta'
[1.376s] Level 1:colcon.colcon_core.package_identification:_identify(src) by extensions ['ros']
[1.376s] Level 1:colcon.colcon_core.package_identification:_identify(src) by extension 'ros'
[1.376s] Level 1:colcon.colcon_core.package_identification:_identify(src) by extensions ['cmake', 'python']
[1.376s] Level 1:colcon.colcon_core.package_identification:_identify(src) by extension 'cmake'
[1.376s] Level 1:colcon.colcon_core.package_identification:_identify(src) by extension 'python'
[1.376s] Level 1:colcon.colcon_core.package_identification:_identify(src) by extensions ['python_setup_py']
[1.376s] Level 1:colcon.colcon_core.package_identification:_identify(src) by extension 'python_setup_py'
[1.377s] Level 1:colcon.colcon_core.package_identification:_identify(src/gong_basic) by extensions ['ignore', 'ignore_ament_install']
[1.377s] Level 1:colcon.colcon_core.package_identification:_identify(src/gong_basic) by extension 'ignore'
[1.377s] Level 1:colcon.colcon_core.package_identification:_identify(src/gong_basic) by extension 'ignore_ament_install'
[1.377s] Level 1:colcon.colcon_core.package_identification:_identify(src/gong_basic) by extensions ['colcon_pkg']
[1.377s] Level 1:colcon.colcon_core.package_identification:_identify(src/gong_basic) by extension 'colcon_pkg'
[1.377s] Level 1:colcon.colcon_core.package_identification:_identify(src/gong_basic) by extensions ['colcon_meta']
[1.377s] Level 1:colcon.colcon_core.package_identification:_identify(src/gong_basic) by extension 'colcon_meta'
[1.377s] Level 1:colcon.colcon_core.package_identification:_identify(src/gong_basic) by extensions ['ros']
[1.377s] Level 1:colcon.colcon_core.package_identification:_identify(src/gong_basic) by extension 'ros'
[1.384s] DEBUG:colcon.colcon_core.package_identification:Package 'src/gong_basic' with type 'ros.ament_python' and name 'gong_basic'
[1.384s] Level 1:colcon.colcon_core.package_discovery:discover_packages(recursive) using defaults
[1.384s] Level 1:colcon.colcon_core.package_discovery:discover_packages(ignore) discover
[1.384s] Level 1:colcon.colcon_core.package_discovery:discover_packages(ignore) using defaults
[1.384s] Level 1:colcon.colcon_core.package_discovery:discover_packages(path) discover
[1.384s] Level 1:colcon.colcon_core.package_discovery:discover_packages(path) using defaults
[1.440s] Level 1:colcon.colcon_core.package_discovery:discover_packages(prefix_path) check parameters
[1.440s] Level 1:colcon.colcon_core.package_discovery:discover_packages(prefix_path) discover
[1.453s] DEBUG:colcon.colcon_installed_package_information.package_discovery:Found 287 installed packages in /opt/ros/jazzy
[1.454s] Level 1:colcon.colcon_core.package_discovery:discover_packages(prefix_path) using defaults
[1.701s] Level 5:colcon.colcon_core.verb:set package 'gong_basic' build argument 'cmake_args' from command line to 'None'
[1.701s] Level 5:colcon.colcon_core.verb:set package 'gong_basic' build argument 'cmake_target' from command line to 'None'
[1.701s] Level 5:colcon.colcon_core.verb:set package 'gong_basic' build argument 'cmake_target_skip_unavailable' from command line to 'False'
[1.701s] Level 5:colcon.colcon_core.verb:set package 'gong_basic' build argument 'cmake_clean_cache' from command line to 'False'
[1.701s] Level 5:colcon.colcon_core.verb:set package 'gong_basic' build argument 'cmake_clean_first' from command line to 'False'
[1.701s] Level 5:colcon.colcon_core.verb:set package 'gong_basic' build argument 'cmake_force_configure' from command line to 'False'
[1.702s] Level 5:colcon.colcon_core.verb:set package 'gong_basic' build argument 'ament_cmake_args' from command line to 'None'
[1.702s] Level 5:colcon.colcon_core.verb:set package 'gong_basic' build argument 'catkin_cmake_args' from command line to 'None'
[1.702s] Level 5:colcon.colcon_core.verb:set package 'gong_basic' build argument 'catkin_skip_building_tests' from command line to 'False'
[1.702s] DEBUG:colcon.colcon_core.verb:Building package 'gong_basic' with the following arguments: {'ament_cmake_args': None, 'build_base': '/home/leeji/ROS-Robotic-Arm-Control/WorkSpace_ROS/build/gong_basic', 'catkin_cmake_args': None, 'catkin_skip_building_tests': False, 'cmake_args': None, 'cmake_clean_cache': False, 'cmake_clean_first': False, 'cmake_force_configure': False, 'cmake_target': None, 'cmake_target_skip_unavailable': False, 'install_base': '/home/leeji/ROS-Robotic-Arm-Control/WorkSpace_ROS/install/gong_basic', 'merge_install': False, 'path': '/home/leeji/ROS-Robotic-Arm-Control/WorkSpace_ROS/src/gong_basic', 'symlink_install': True, 'test_result_base': None}
[1.702s] INFO:colcon.colcon_core.executor:Executing jobs using 'parallel' executor
[1.703s] DEBUG:colcon.colcon_parallel_executor.executor.parallel:run_until_complete
[1.703s] INFO:colcon.colcon_ros.task.ament_python.build:Building ROS package in '/home/leeji/ROS-Robotic-Arm-Control/WorkSpace_ROS/src/gong_basic' with build type 'ament_python'
[1.703s] Level 1:colcon.colcon_core.shell:create_environment_hook('gong_basic', 'ament_prefix_path')
[1.806s] INFO:colcon.colcon_core.plugin_system:Skipping extension 'colcon_core.shell.bat': Not used on non-Windows systems
[1.806s] INFO:colcon.colcon_core.shell:Creating environment hook '/home/leeji/ROS-Robotic-Arm-Control/WorkSpace_ROS/install/gong_basic/share/gong_basic/hook/ament_prefix_path.ps1'
[1.808s] INFO:colcon.colcon_core.shell:Creating environment descriptor '/home/leeji/ROS-Robotic-Arm-Control/WorkSpace_ROS/install/gong_basic/share/gong_basic/hook/ament_prefix_path.dsv'
[1.811s] INFO:colcon.colcon_core.shell:Creating environment hook '/home/leeji/ROS-Robotic-Arm-Control/WorkSpace_ROS/install/gong_basic/share/gong_basic/hook/ament_prefix_path.sh'
[1.814s] INFO:colcon.colcon_core.shell:Skip shell extension 'powershell' for command environment: Not usable outside of PowerShell
[1.814s] DEBUG:colcon.colcon_core.shell:Skip shell extension 'dsv' for command environment
[2.278s] INFO:colcon.colcon_core.task.python.build:Building Python package in '/home/leeji/ROS-Robotic-Arm-Control/WorkSpace_ROS/src/gong_basic'
[2.279s] INFO:colcon.colcon_core.shell:Skip shell extension 'powershell' for command environment: Not usable outside of PowerShell
[2.279s] DEBUG:colcon.colcon_core.shell:Skip shell extension 'dsv' for command environment
[4.111s] DEBUG:colcon.colcon_core.task.python.build:Available setuptools commands: rotate, test, update_catalog, extract_messages, sdist, upload_docs, develop, easy_install, compile_catalog, register, clean, install_headers, build_py, bdist_rpm, install_egg_info, build_scripts, install_scripts, check, install_lib, dist_info, bdist_egg, egg_info, alias, upload, editable_wheel, bdist, saveopts, init_catalog, build, build_clib, build_ext, install, bdist_dumb, setopt, symlink_data, install_data
[4.548s] DEBUG:colcon.colcon_core.task.python.build:Available setuptools 'develop' options: --record, --verbose, --install-dir, --force-installation-into-system-dir, --find-links, --build-directory, --prefix, --upgrade, --zip-ok, --help, --no-user-cfg, --user, --index-url, --exclude-scripts, --dry-run, --multi-version, --quiet, --optimize, --script-dir, --always-copy, --site-dirs, --editable, --no-find-links, --uninstall, --version, --always-unzip, --egg-path, --no-deps, --install-layout, --local-snapshots-ok, --allow-hosts
[4.594s] DEBUG:colcon.colcon_core.task.python.build:While undoing a previous installation files outside the Python library path are being ignored: /home/leeji/ROS-Robotic-Arm-Control/WorkSpace_ROS/install/gong_basic/share/ament_index/resource_index/packages/gong_basic
[4.595s] DEBUG:colcon.colcon_core.task.python.build:While undoing a previous installation files outside the Python library path are being ignored: /home/leeji/ROS-Robotic-Arm-Control/WorkSpace_ROS/install/gong_basic/share/gong_basic/package.xml
[4.600s] DEBUG:colcon.colcon_core.event_handler.log_command:Invoking command in '/home/leeji/ROS-Robotic-Arm-Control/WorkSpace_ROS/build/gong_basic': PYTHONPATH=/home/leeji/ROS-Robotic-Arm-Control/WorkSpace_ROS/build/gong_basic/prefix_override:/usr/lib/python3/dist-packages/colcon_core/task/python/colcon_distutils_commands:/home/leeji/ROS-Robotic-Arm-Control/WorkSpace_ROS/install/gong_basic/lib/python3.12/site-packages:${PYTHONPATH} /usr/bin/python3 -W ignore:setup.py install is deprecated -W ignore:easy_install command is deprecated setup.py develop --editable --build-directory /home/leeji/ROS-Robotic-Arm-Control/WorkSpace_ROS/build/gong_basic/build --no-deps symlink_data --force
[5.392s] Level 1:colcon.colcon_core.shell:create_environment_hook('gong_basic', 'pythonpath_develop')
[5.392s] DEBUG:colcon.colcon_core.event_handler.log_command:Invoked command in '/home/leeji/ROS-Robotic-Arm-Control/WorkSpace_ROS/build/gong_basic' returned '0': PYTHONPATH=/home/leeji/ROS-Robotic-Arm-Control/WorkSpace_ROS/build/gong_basic/prefix_override:/usr/lib/python3/dist-packages/colcon_core/task/python/colcon_distutils_commands:/home/leeji/ROS-Robotic-Arm-Control/WorkSpace_ROS/install/gong_basic/lib/python3.12/site-packages:${PYTHONPATH} /usr/bin/python3 -W ignore:setup.py install is deprecated -W ignore:easy_install command is deprecated setup.py develop --editable --build-directory /home/leeji/ROS-Robotic-Arm-Control/WorkSpace_ROS/build/gong_basic/build --no-deps symlink_data --force
[5.393s] INFO:colcon.colcon_core.shell:Creating environment hook '/home/leeji/ROS-Robotic-Arm-Control/WorkSpace_ROS/build/gong_basic/share/gong_basic/hook/pythonpath_develop.ps1'
[5.394s] INFO:colcon.colcon_core.shell:Creating environment descriptor '/home/leeji/ROS-Robotic-Arm-Control/WorkSpace_ROS/build/gong_basic/share/gong_basic/hook/pythonpath_develop.dsv'
[5.394s] INFO:colcon.colcon_core.shell:Creating environment hook '/home/leeji/ROS-Robotic-Arm-Control/WorkSpace_ROS/build/gong_basic/share/gong_basic/hook/pythonpath_develop.sh'
[5.413s] Level 1:colcon.colcon_core.environment:checking '/home/leeji/ROS-Robotic-Arm-Control/WorkSpace_ROS/install/gong_basic' for CMake module files
[5.413s] Level 1:colcon.colcon_core.environment:checking '/home/leeji/ROS-Robotic-Arm-Control/WorkSpace_ROS/install/gong_basic' for CMake config files
[5.414s] Level 1:colcon.colcon_core.environment:checking '/home/leeji/ROS-Robotic-Arm-Control/WorkSpace_ROS/install/gong_basic/lib'
[5.414s] Level 1:colcon.colcon_core.environment:checking '/home/leeji/ROS-Robotic-Arm-Control/WorkSpace_ROS/install/gong_basic/bin'
[5.415s] Level 1:colcon.colcon_core.environment:checking '/home/leeji/ROS-Robotic-Arm-Control/WorkSpace_ROS/install/gong_basic/lib/pkgconfig/gong_basic.pc'
[5.415s] Level 1:colcon.colcon_core.environment:checking '/home/leeji/ROS-Robotic-Arm-Control/WorkSpace_ROS/install/gong_basic/lib/python3.12/site-packages'
[5.415s] Level 1:colcon.colcon_core.shell:create_environment_hook('gong_basic', 'pythonpath')
[5.415s] INFO:colcon.colcon_core.shell:Creating environment hook '/home/leeji/ROS-Robotic-Arm-Control/WorkSpace_ROS/install/gong_basic/share/gong_basic/hook/pythonpath.ps1'
[5.416s] INFO:colcon.colcon_core.shell:Creating environment descriptor '/home/leeji/ROS-Robotic-Arm-Control/WorkSpace_ROS/install/gong_basic/share/gong_basic/hook/pythonpath.dsv'
[5.416s] INFO:colcon.colcon_core.shell:Creating environment hook '/home/leeji/ROS-Robotic-Arm-Control/WorkSpace_ROS/install/gong_basic/share/gong_basic/hook/pythonpath.sh'
[5.417s] Level 1:colcon.colcon_core.environment:checking '/home/leeji/ROS-Robotic-Arm-Control/WorkSpace_ROS/install/gong_basic/bin'
[5.417s] Level 1:colcon.colcon_core.environment:create_environment_scripts_only(gong_basic)
[5.417s] INFO:colcon.colcon_core.shell:Creating package script '/home/leeji/ROS-Robotic-Arm-Control/WorkSpace_ROS/install/gong_basic/share/gong_basic/package.ps1'
[5.420s] INFO:colcon.colcon_core.shell:Creating package descriptor '/home/leeji/ROS-Robotic-Arm-Control/WorkSpace_ROS/install/gong_basic/share/gong_basic/package.dsv'
[5.421s] INFO:colcon.colcon_core.shell:Creating package script '/home/leeji/ROS-Robotic-Arm-Control/WorkSpace_ROS/install/gong_basic/share/gong_basic/package.sh'
[5.423s] INFO:colcon.colcon_core.shell:Creating package script '/home/leeji/ROS-Robotic-Arm-Control/WorkSpace_ROS/install/gong_basic/share/gong_basic/package.bash'
[5.424s] INFO:colcon.colcon_core.shell:Creating package script '/home/leeji/ROS-Robotic-Arm-Control/WorkSpace_ROS/install/gong_basic/share/gong_basic/package.zsh'
[5.426s] Level 1:colcon.colcon_core.environment:create_file_with_runtime_dependencies(/home/leeji/ROS-Robotic-Arm-Control/WorkSpace_ROS/install/gong_basic/share/colcon-core/packages/gong_basic)
[5.426s] DEBUG:colcon.colcon_parallel_executor.executor.parallel:closing loop
[5.427s] DEBUG:colcon.colcon_parallel_executor.executor.parallel:loop closed
[5.428s] DEBUG:colcon.colcon_parallel_executor.executor.parallel:run_until_complete finished with '0'
[5.428s] DEBUG:colcon.colcon_core.event_reactor:joining thread
[5.592s] INFO:colcon.colcon_core.plugin_system:Skipping extension 'colcon_notification.desktop_notification.notify_send': Could not find 'notify-send'
[5.592s] INFO:colcon.colcon_core.plugin_system:Skipping extension 'colcon_notification.desktop_notification.terminal_notifier': Not used on non-Darwin systems
[5.592s] INFO:colcon.colcon_core.plugin_system:Skipping extension 'colcon_notification.desktop_notification.win32': Not used on non-Windows systems
[5.592s] INFO:colcon.colcon_notification.desktop_notification:Sending desktop notification using 'notify2'
[5.642s] DEBUG:colcon.colcon_notification.desktop_notification.notify2:Failed to initialize notify2: org.freedesktop.DBus.Error.ServiceUnknown: The name org.freedesktop.Notifications was not provided by any .service files
[5.642s] DEBUG:colcon.colcon_core.event_reactor:joined thread
[5.643s] INFO:colcon.colcon_core.shell:Creating prefix script '/home/leeji/ROS-Robotic-Arm-Control/WorkSpace_ROS/install/local_setup.ps1'
[5.742s] INFO:colcon.colcon_core.shell:Creating prefix util module '/home/leeji/ROS-Robotic-Arm-Control/WorkSpace_ROS/install/_local_setup_util_ps1.py'
[5.744s] INFO:colcon.colcon_core.shell:Creating prefix chain script '/home/leeji/ROS-Robotic-Arm-Control/WorkSpace_ROS/install/setup.ps1'
[5.746s] INFO:colcon.colcon_core.shell:Creating prefix script '/home/leeji/ROS-Robotic-Arm-Control/WorkSpace_ROS/install/local_setup.sh'
[5.748s] INFO:colcon.colcon_core.shell:Creating prefix util module '/home/leeji/ROS-Robotic-Arm-Control/WorkSpace_ROS/install/_local_setup_util_sh.py'
[5.749s] INFO:colcon.colcon_core.shell:Creating prefix chain script '/home/leeji/ROS-Robotic-Arm-Control/WorkSpace_ROS/install/setup.sh'
[5.752s] INFO:colcon.colcon_core.shell:Creating prefix script '/home/leeji/ROS-Robotic-Arm-Control/WorkSpace_ROS/install/local_setup.bash'
[5.754s] INFO:colcon.colcon_core.shell:Creating prefix chain script '/home/leeji/ROS-Robotic-Arm-Control/WorkSpace_ROS/install/setup.bash'
[5.756s] INFO:colcon.colcon_core.shell:Creating prefix script '/home/leeji/ROS-Robotic-Arm-Control/WorkSpace_ROS/install/local_setup.zsh'
[5.757s] INFO:colcon.colcon_core.shell:Creating prefix chain script '/home/leeji/ROS-Robotic-Arm-Control/WorkSpace_ROS/install/setup.zsh'
