[0.902s] Invoking command in '/home/leeji/ROS-Robotic-Arm-Control/WorkSpace_ROS/build/gong_basic': PYTHONPATH=/home/leeji/ROS-Robotic-Arm-Control/WorkSpace_ROS/build/gong_basic/prefix_override:/usr/lib/python3/dist-packages/colcon_core/task/python/colcon_distutils_commands:/home/leeji/ROS-Robotic-Arm-Control/WorkSpace_ROS/install/gong_basic/lib/python3.12/site-packages:${PYTHONPATH} /usr/bin/python3 -W ignore:setup.py install is deprecated -W ignore:easy_install command is deprecated setup.py develop --uninstall --editable --build-directory /home/leeji/ROS-Robotic-Arm-Control/WorkSpace_ROS/build/gong_basic/build
[1.100s] running develop
[1.213s] Removing /home/leeji/ROS-Robotic-Arm-Control/WorkSpace_ROS/install/gong_basic/lib/python3.12/site-packages/gong-basic.egg-link (link to .)
[1.233s] Invoked command in '/home/leeji/ROS-Robotic-Arm-Control/WorkSpace_ROS/build/gong_basic' returned '0': PYTHONPATH=/home/leeji/ROS-Robotic-Arm-Control/WorkSpace_ROS/build/gong_basic/prefix_override:/usr/lib/python3/dist-packages/colcon_core/task/python/colcon_distutils_commands:/home/leeji/ROS-Robotic-Arm-Control/WorkSpace_ROS/install/gong_basic/lib/python3.12/site-packages:${PYTHONPATH} /usr/bin/python3 -W ignore:setup.py install is deprecated -W ignore:easy_install command is deprecated setup.py develop --uninstall --editable --build-directory /home/leeji/ROS-Robotic-Arm-Control/WorkSpace_ROS/build/gong_basic/build
[1.234s] Invoking command in '/home/leeji/ROS-Robotic-Arm-Control/WorkSpace_ROS/src/gong_basic': PYTHONPATH=/home/leeji/ROS-Robotic-Arm-Control/WorkSpace_ROS/build/gong_basic/prefix_override:/usr/lib/python3/dist-packages/colcon_core/task/python/colcon_distutils_commands:/home/leeji/ROS-Robotic-Arm-Control/WorkSpace_ROS/install/gong_basic/lib/python3.12/site-packages:${PYTHONPATH} /usr/bin/python3 -W ignore:setup.py install is deprecated -W ignore:easy_install command is deprecated setup.py egg_info --egg-base ../../build/gong_basic build --build-base /home/leeji/ROS-Robotic-Arm-Control/WorkSpace_ROS/build/gong_basic/build install --record /home/leeji/ROS-Robotic-Arm-Control/WorkSpace_ROS/build/gong_basic/install.log --install-scripts $base/lib/gong_basic --single-version-externally-managed install_data --force
[1.401s] running egg_info
[1.411s] writing ../../build/gong_basic/gong_basic.egg-info/PKG-INFO
[1.412s] writing dependency_links to ../../build/gong_basic/gong_basic.egg-info/dependency_links.txt
[1.412s] writing entry points to ../../build/gong_basic/gong_basic.egg-info/entry_points.txt
[1.412s] writing requirements to ../../build/gong_basic/gong_basic.egg-info/requires.txt
[1.413s] writing top-level names to ../../build/gong_basic/gong_basic.egg-info/top_level.txt
[1.439s] reading manifest file '../../build/gong_basic/gong_basic.egg-info/SOURCES.txt'
[1.445s] writing manifest file '../../build/gong_basic/gong_basic.egg-info/SOURCES.txt'
[1.445s] running build
[1.445s] running build_py
[1.445s] copying gong_basic/mtsub_node.py -> /home/leeji/ROS-Robotic-Arm-Control/WorkSpace_ROS/build/gong_basic/build/lib/gong_basic
[1.446s] copying gong_basic/simple_pub.py -> /home/leeji/ROS-Robotic-Arm-Control/WorkSpace_ROS/build/gong_basic/build/lib/gong_basic
[1.447s] copying gong_basic/header_sub.py -> /home/leeji/ROS-Robotic-Arm-Control/WorkSpace_ROS/build/gong_basic/build/lib/gong_basic
[1.448s] copying gong_basic/class_sub.py -> /home/leeji/ROS-Robotic-Arm-Control/WorkSpace_ROS/build/gong_basic/build/lib/gong_basic
[1.448s] copying gong_basic/header_pub.py -> /home/leeji/ROS-Robotic-Arm-Control/WorkSpace_ROS/build/gong_basic/build/lib/gong_basic
[1.449s] copying gong_basic/move_turtle.py -> /home/leeji/ROS-Robotic-Arm-Control/WorkSpace_ROS/build/gong_basic/build/lib/gong_basic
[1.450s] copying gong_basic/class_pub.py -> /home/leeji/ROS-Robotic-Arm-Control/WorkSpace_ROS/build/gong_basic/build/lib/gong_basic
[1.451s] running install
[1.455s] running install_lib
[1.466s] creating /home/leeji/ROS-Robotic-Arm-Control/WorkSpace_ROS/install/gong_basic/lib/python3.12/site-packages/gong_basic
[1.467s] copying /home/leeji/ROS-Robotic-Arm-Control/WorkSpace_ROS/build/gong_basic/build/lib/gong_basic/mtsub_node.py -> /home/leeji/ROS-Robotic-Arm-Control/WorkSpace_ROS/install/gong_basic/lib/python3.12/site-packages/gong_basic
[1.467s] copying /home/leeji/ROS-Robotic-Arm-Control/WorkSpace_ROS/build/gong_basic/build/lib/gong_basic/simple_pub.py -> /home/leeji/ROS-Robotic-Arm-Control/WorkSpace_ROS/install/gong_basic/lib/python3.12/site-packages/gong_basic
[1.468s] copying /home/leeji/ROS-Robotic-Arm-Control/WorkSpace_ROS/build/gong_basic/build/lib/gong_basic/header_sub.py -> /home/leeji/ROS-Robotic-Arm-Control/WorkSpace_ROS/install/gong_basic/lib/python3.12/site-packages/gong_basic
[1.468s] copying /home/leeji/ROS-Robotic-Arm-Control/WorkSpace_ROS/build/gong_basic/build/lib/gong_basic/class_sub.py -> /home/leeji/ROS-Robotic-Arm-Control/WorkSpace_ROS/install/gong_basic/lib/python3.12/site-packages/gong_basic
[1.468s] copying /home/leeji/ROS-Robotic-Arm-Control/WorkSpace_ROS/build/gong_basic/build/lib/gong_basic/header_pub.py -> /home/leeji/ROS-Robotic-Arm-Control/WorkSpace_ROS/install/gong_basic/lib/python3.12/site-packages/gong_basic
[1.468s] copying /home/leeji/ROS-Robotic-Arm-Control/WorkSpace_ROS/build/gong_basic/build/lib/gong_basic/__init__.py -> /home/leeji/ROS-Robotic-Arm-Control/WorkSpace_ROS/install/gong_basic/lib/python3.12/site-packages/gong_basic
[1.468s] copying /home/leeji/ROS-Robotic-Arm-Control/WorkSpace_ROS/build/gong_basic/build/lib/gong_basic/move_turtle.py -> /home/leeji/ROS-Robotic-Arm-Control/WorkSpace_ROS/install/gong_basic/lib/python3.12/site-packages/gong_basic
[1.469s] copying /home/leeji/ROS-Robotic-Arm-Control/WorkSpace_ROS/build/gong_basic/build/lib/gong_basic/class_pub.py -> /home/leeji/ROS-Robotic-Arm-Control/WorkSpace_ROS/install/gong_basic/lib/python3.12/site-packages/gong_basic
[1.469s] byte-compiling /home/leeji/ROS-Robotic-Arm-Control/WorkSpace_ROS/install/gong_basic/lib/python3.12/site-packages/gong_basic/mtsub_node.py to mtsub_node.cpython-312.pyc
[1.470s] byte-compiling /home/leeji/ROS-Robotic-Arm-Control/WorkSpace_ROS/install/gong_basic/lib/python3.12/site-packages/gong_basic/simple_pub.py to simple_pub.cpython-312.pyc
[1.471s] byte-compiling /home/leeji/ROS-Robotic-Arm-Control/WorkSpace_ROS/install/gong_basic/lib/python3.12/site-packages/gong_basic/header_sub.py to header_sub.cpython-312.pyc
[1.471s] byte-compiling /home/leeji/ROS-Robotic-Arm-Control/WorkSpace_ROS/install/gong_basic/lib/python3.12/site-packages/gong_basic/class_sub.py to class_sub.cpython-312.pyc
[1.471s] byte-compiling /home/leeji/ROS-Robotic-Arm-Control/WorkSpace_ROS/install/gong_basic/lib/python3.12/site-packages/gong_basic/header_pub.py to header_pub.cpython-312.pyc
[1.472s] byte-compiling /home/leeji/ROS-Robotic-Arm-Control/WorkSpace_ROS/install/gong_basic/lib/python3.12/site-packages/gong_basic/__init__.py to __init__.cpython-312.pyc
[1.472s] byte-compiling /home/leeji/ROS-Robotic-Arm-Control/WorkSpace_ROS/install/gong_basic/lib/python3.12/site-packages/gong_basic/move_turtle.py to move_turtle.cpython-312.pyc
[1.472s] byte-compiling /home/leeji/ROS-Robotic-Arm-Control/WorkSpace_ROS/install/gong_basic/lib/python3.12/site-packages/gong_basic/class_pub.py to class_pub.cpython-312.pyc
[1.473s] running install_data
[1.473s] copying resource/gong_basic -> /home/leeji/ROS-Robotic-Arm-Control/WorkSpace_ROS/install/gong_basic/share/ament_index/resource_index/packages
[1.474s] copying package.xml -> /home/leeji/ROS-Robotic-Arm-Control/WorkSpace_ROS/install/gong_basic/share/gong_basic
[1.475s] copying launch/hello.launch.py -> /home/leeji/ROS-Robotic-Arm-Control/WorkSpace_ROS/install/gong_basic/share/gong_basic/launch
[1.477s] running install_egg_info
[1.489s] Copying ../../build/gong_basic/gong_basic.egg-info to /home/leeji/ROS-Robotic-Arm-Control/WorkSpace_ROS/install/gong_basic/lib/python3.12/site-packages/gong_basic-0.0.0-py3.12.egg-info
[1.491s] running install_scripts
[1.605s] Installing class_pub script to /home/leeji/ROS-Robotic-Arm-Control/WorkSpace_ROS/install/gong_basic/lib/gong_basic
[1.605s] Installing class_sub script to /home/leeji/ROS-Robotic-Arm-Control/WorkSpace_ROS/install/gong_basic/lib/gong_basic
[1.605s] Installing header_pub script to /home/leeji/ROS-Robotic-Arm-Control/WorkSpace_ROS/install/gong_basic/lib/gong_basic
[1.606s] Installing header_sub script to /home/leeji/ROS-Robotic-Arm-Control/WorkSpace_ROS/install/gong_basic/lib/gong_basic
[1.606s] Installing mtsub_node script to /home/leeji/ROS-Robotic-Arm-Control/WorkSpace_ROS/install/gong_basic/lib/gong_basic
[1.606s] Installing simple_pub script to /home/leeji/ROS-Robotic-Arm-Control/WorkSpace_ROS/install/gong_basic/lib/gong_basic
[1.606s] writing list of installed files to '/home/leeji/ROS-Robotic-Arm-Control/WorkSpace_ROS/build/gong_basic/install.log'
[1.629s] Invoked command in '/home/leeji/ROS-Robotic-Arm-Control/WorkSpace_ROS/src/gong_basic' returned '0': PYTHONPATH=/home/leeji/ROS-Robotic-Arm-Control/WorkSpace_ROS/build/gong_basic/prefix_override:/usr/lib/python3/dist-packages/colcon_core/task/python/colcon_distutils_commands:/home/leeji/ROS-Robotic-Arm-Control/WorkSpace_ROS/install/gong_basic/lib/python3.12/site-packages:${PYTHONPATH} /usr/bin/python3 -W ignore:setup.py install is deprecated -W ignore:easy_install command is deprecated setup.py egg_info --egg-base ../../build/gong_basic build --build-base /home/leeji/ROS-Robotic-Arm-Control/WorkSpace_ROS/build/gong_basic/build install --record /home/leeji/ROS-Robotic-Arm-Control/WorkSpace_ROS/build/gong_basic/install.log --install-scripts $base/lib/gong_basic --single-version-externally-managed install_data --force
