[0.708s] Invoking command in '/home/leeji/ROS-Robotic-Arm-Control/WorkSpace_ROS/build/gong_basic': PYTHONPATH=/home/leeji/ROS-Robotic-Arm-Control/WorkSpace_ROS/build/gong_basic/prefix_override:/usr/lib/python3/dist-packages/colcon_core/task/python/colcon_distutils_commands:/home/leeji/ROS-Robotic-Arm-Control/WorkSpace_ROS/install/gong_basic/lib/python3.12/site-packages:${PYTHONPATH} /usr/bin/python3 -W ignore:setup.py install is deprecated -W ignore:easy_install command is deprecated setup.py develop --editable --build-directory /home/leeji/ROS-Robotic-Arm-Control/WorkSpace_ROS/build/gong_basic/build --no-deps symlink_data --force
[0.903s] running develop
[1.012s] running egg_info
[1.024s] writing gong_basic.egg-info/PKG-INFO
[1.025s] writing dependency_links to gong_basic.egg-info/dependency_links.txt
[1.025s] writing entry points to gong_basic.egg-info/entry_points.txt
[1.025s] writing requirements to gong_basic.egg-info/requires.txt
[1.025s] writing top-level names to gong_basic.egg-info/top_level.txt
[1.048s] reading manifest file 'gong_basic.egg-info/SOURCES.txt'
[1.048s] writing manifest file 'gong_basic.egg-info/SOURCES.txt'
[1.061s] running build_ext
[1.061s] Creating /home/leeji/ROS-Robotic-Arm-Control/WorkSpace_ROS/install/gong_basic/lib/python3.12/site-packages/gong-basic.egg-link (link to .)
[1.061s] Installing class_pub script to /home/leeji/ROS-Robotic-Arm-Control/WorkSpace_ROS/install/gong_basic/lib/gong_basic
[1.061s] Installing class_sub script to /home/leeji/ROS-Robotic-Arm-Control/WorkSpace_ROS/install/gong_basic/lib/gong_basic
[1.061s] Installing header_pub script to /home/leeji/ROS-Robotic-Arm-Control/WorkSpace_ROS/install/gong_basic/lib/gong_basic
[1.062s] Installing header_sub script to /home/leeji/ROS-Robotic-Arm-Control/WorkSpace_ROS/install/gong_basic/lib/gong_basic
[1.062s] Installing move_turtle script to /home/leeji/ROS-Robotic-Arm-Control/WorkSpace_ROS/install/gong_basic/lib/gong_basic
[1.063s] Installing mtsub_node script to /home/leeji/ROS-Robotic-Arm-Control/WorkSpace_ROS/install/gong_basic/lib/gong_basic
[1.063s] Installing simple_pub script to /home/leeji/ROS-Robotic-Arm-Control/WorkSpace_ROS/install/gong_basic/lib/gong_basic
[1.063s] 
[1.063s] Installed /home/leeji/ROS-Robotic-Arm-Control/WorkSpace_ROS/build/gong_basic
[1.063s] running symlink_data
[1.063s] symbolically linking /home/leeji/ROS-Robotic-Arm-Control/WorkSpace_ROS/build/gong_basic/resource/gong_basic -> /home/leeji/ROS-Robotic-Arm-Control/WorkSpace_ROS/install/gong_basic/share/ament_index/resource_index/packages
[1.064s] symbolically linking /home/leeji/ROS-Robotic-Arm-Control/WorkSpace_ROS/build/gong_basic/package.xml -> /home/leeji/ROS-Robotic-Arm-Control/WorkSpace_ROS/install/gong_basic/share/gong_basic
[1.065s] symbolically linking /home/leeji/ROS-Robotic-Arm-Control/WorkSpace_ROS/build/gong_basic/launch/hello.launch.py -> /home/leeji/ROS-Robotic-Arm-Control/WorkSpace_ROS/install/gong_basic/share/gong_basic/launch
[1.086s] Invoked command in '/home/leeji/ROS-Robotic-Arm-Control/WorkSpace_ROS/build/gong_basic' returned '0': PYTHONPATH=/home/leeji/ROS-Robotic-Arm-Control/WorkSpace_ROS/build/gong_basic/prefix_override:/usr/lib/python3/dist-packages/colcon_core/task/python/colcon_distutils_commands:/home/leeji/ROS-Robotic-Arm-Control/WorkSpace_ROS/install/gong_basic/lib/python3.12/site-packages:${PYTHONPATH} /usr/bin/python3 -W ignore:setup.py install is deprecated -W ignore:easy_install command is deprecated setup.py develop --editable --build-directory /home/leeji/ROS-Robotic-Arm-Control/WorkSpace_ROS/build/gong_basic/build --no-deps symlink_data --force
