[0.914s] DEBUG:colcon:Command line arguments: ['/usr/bin/colcon', 'build', '--symlink-install']
[0.914s] DEBUG:colcon:Parsed command line arguments: Namespace(log_base=None, log_level=None, verb_name='build', build_base='build', install_base='install', merge_install=False, symlink_install=True, test_result_base=None, continue_on_error=False, executor='parallel', parallel_workers=16, event_handlers=None, ignore_user_meta=False, metas=['./colcon.meta'], base_paths=['.'], packages_ignore=None, packages_ignore_regex=None, paths=None, packages_up_to=None, packages_up_to_regex=None, packages_above=None, packages_above_and_dependencies=None, packages_above_depth=None, packages_select_by_dep=None, packages_skip_by_dep=None, packages_skip_up_to=None, packages_select_build_failed=False, packages_skip_build_finished=False, packages_select_test_failures=False, packages_skip_test_passed=False, packages_select=None, packages_skip=None, packages_select_regex=None, packages_skip_regex=None, packages_start=None, packages_end=None, allow_overriding=[], cmake_args=None, cmake_target=None, cmake_target_skip_unavailable=False, cmake_clean_cache=False, cmake_clean_first=False, cmake_force_configure=False, ament_cmake_args=None, catkin_cmake_args=None, catkin_skip_building_tests=False, mixin_files=None, mixin=None, verb_parser=<colcon_mixin.mixin.mixin_argument.MixinArgumentDecorator object at 0x79259eb79a90>, verb_extension=<colcon_core.verb.build.BuildVerb object at 0x79259eca6360>, main=<bound method BuildVerb.main of <colcon_core.verb.build.BuildVerb object at 0x79259eca6360>>, mixin_verb=('build',))
[1.060s] Level 1:colcon.colcon_core.package_discovery:discover_packages(colcon_meta) check parameters
[1.060s] Level 1:colcon.colcon_core.package_discovery:discover_packages(recursive) check parameters
[1.060s] Level 1:colcon.colcon_core.package_discovery:discover_packages(ignore) check parameters
[1.061s] Level 1:colcon.colcon_core.package_discovery:discover_packages(path) check parameters
[1.061s] Level 1:colcon.colcon_core.package_discovery:discover_packages(colcon_meta) discover
[1.061s] Level 1:colcon.colcon_core.package_discovery:discover_packages(recursive) discover
[1.061s] INFO:colcon.colcon_core.package_discovery:Crawling recursively for packages in '/home/leeji/ROS-Robotic-Arm-Control/WorkSpace_ROS'
[1.061s] Level 1:colcon.colcon_core.package_identification:_identify(.) by extensions ['ignore', 'ignore_ament_install']
[1.061s] Level 1:colcon.colcon_core.package_identification:_identify(.) by extension 'ignore'
[1.061s] Level 1:colcon.colcon_core.package_identification:_identify(.) by extension 'ignore_ament_install'
[1.061s] Level 1:colcon.colcon_core.package_identification:_identify(.) by extensions ['colcon_pkg']
[1.061s] Level 1:colcon.colcon_core.package_identification:_identify(.) by extension 'colcon_pkg'
[1.061s] Level 1:colcon.colcon_core.package_identification:_identify(.) by extensions ['colcon_meta']
[1.061s] Level 1:colcon.colcon_core.package_identification:_identify(.) by extension 'colcon_meta'
[1.061s] Level 1:colcon.colcon_core.package_identification:_identify(.) by extensions ['ros']
[1.061s] Level 1:colcon.colcon_core.package_identification:_identify(.) by extension 'ros'
[1.120s] Level 1:colcon.colcon_core.package_identification:_identify(.) by extensions ['cmake', 'python']
[1.120s] Level 1:colcon.colcon_core.package_identification:_identify(.) by extension 'cmake'
[1.120s] Level 1:colcon.colcon_core.package_identification:_identify(.) by extension 'python'
[1.120s] Level 1:colcon.colcon_core.package_identification:_identify(.) by extensions ['python_setup_py']
[1.120s] Level 1:colcon.colcon_core.package_identification:_identify(.) by extension 'python_setup_py'
[1.120s] Level 1:colcon.colcon_core.package_identification:_identify(build) by extensions ['ignore', 'ignore_ament_install']
[1.120s] Level 1:colcon.colcon_core.package_identification:_identify(build) by extension 'ignore'
[1.121s] Level 1:colcon.colcon_core.package_identification:_identify(build) ignored
[1.121s] Level 1:colcon.colcon_core.package_identification:_identify(install) by extensions ['ignore', 'ignore_ament_install']
[1.121s] Level 1:colcon.colcon_core.package_identification:_identify(install) by extension 'ignore'
[1.121s] Level 1:colcon.colcon_core.package_identification:_identify(install) ignored
[1.121s] Level 1:colcon.colcon_core.package_identification:_identify(log) by extensions ['ignore', 'ignore_ament_install']
[1.121s] Level 1:colcon.colcon_core.package_identification:_identify(log) by extension 'ignore'
[1.121s] Level 1:colcon.colcon_core.package_identification:_identify(log) ignored
[1.121s] Level 1:colcon.colcon_core.package_identification:_identify(src) by extensions ['ignore', 'ignore_ament_install']
[1.121s] Level 1:colcon.colcon_core.package_identification:_identify(src) by extension 'ignore'
[1.121s] Level 1:colcon.colcon_core.package_identification:_identify(src) by extension 'ignore_ament_install'
[1.121s] Level 1:colcon.colcon_core.package_identification:_identify(src) by extensions ['colcon_pkg']
[1.121s] Level 1:colcon.colcon_core.package_identification:_identify(src) by extension 'colcon_pkg'
[1.121s] Level 1:colcon.colcon_core.package_identification:_identify(src) by extensions ['colcon_meta']
[1.121s] Level 1:colcon.colcon_core.package_identification:_identify(src) by extension 'colcon_meta'
[1.121s] Level 1:colcon.colcon_core.package_identification:_identify(src) by extensions ['ros']
[1.121s] Level 1:colcon.colcon_core.package_identification:_identify(src) by extension 'ros'
[1.122s] Level 1:colcon.colcon_core.package_identification:_identify(src) by extensions ['cmake', 'python']
[1.122s] Level 1:colcon.colcon_core.package_identification:_identify(src) by extension 'cmake'
[1.122s] Level 1:colcon.colcon_core.package_identification:_identify(src) by extension 'python'
[1.122s] Level 1:colcon.colcon_core.package_identification:_identify(src) by extensions ['python_setup_py']
[1.122s] Level 1:colcon.colcon_core.package_identification:_identify(src) by extension 'python_setup_py'
[1.122s] Level 1:colcon.colcon_core.package_identification:_identify(src/gong_basic) by extensions ['ignore', 'ignore_ament_install']
[1.122s] Level 1:colcon.colcon_core.package_identification:_identify(src/gong_basic) by extension 'ignore'
[1.122s] Level 1:colcon.colcon_core.package_identification:_identify(src/gong_basic) by extension 'ignore_ament_install'
[1.122s] Level 1:colcon.colcon_core.package_identification:_identify(src/gong_basic) by extensions ['colcon_pkg']
[1.122s] Level 1:colcon.colcon_core.package_identification:_identify(src/gong_basic) by extension 'colcon_pkg'
[1.122s] Level 1:colcon.colcon_core.package_identification:_identify(src/gong_basic) by extensions ['colcon_meta']
[1.122s] Level 1:colcon.colcon_core.package_identification:_identify(src/gong_basic) by extension 'colcon_meta'
[1.122s] Level 1:colcon.colcon_core.package_identification:_identify(src/gong_basic) by extensions ['ros']
[1.122s] Level 1:colcon.colcon_core.package_identification:_identify(src/gong_basic) by extension 'ros'
[1.128s] DEBUG:colcon.colcon_core.package_identification:Package 'src/gong_basic' with type 'ros.ament_python' and name 'gong_basic'
[1.128s] Level 1:colcon.colcon_core.package_discovery:discover_packages(recursive) using defaults
[1.129s] Level 1:colcon.colcon_core.package_discovery:discover_packages(ignore) discover
[1.129s] Level 1:colcon.colcon_core.package_discovery:discover_packages(ignore) using defaults
[1.129s] Level 1:colcon.colcon_core.package_discovery:discover_packages(path) discover
[1.129s] Level 1:colcon.colcon_core.package_discovery:discover_packages(path) using defaults
[1.182s] Level 1:colcon.colcon_core.package_discovery:discover_packages(prefix_path) check parameters
[1.182s] Level 1:colcon.colcon_core.package_discovery:discover_packages(prefix_path) discover
[1.192s] DEBUG:colcon.colcon_installed_package_information.package_discovery:Found 1 installed packages in /home/leeji/ROS-Robotic-Arm-Control/WorkSpace_ROS/install
[1.197s] DEBUG:colcon.colcon_installed_package_information.package_discovery:Found 287 installed packages in /opt/ros/jazzy
[1.198s] Level 1:colcon.colcon_core.package_discovery:discover_packages(prefix_path) using defaults
[1.437s] Level 5:colcon.colcon_core.verb:set package 'gong_basic' build argument 'cmake_args' from command line to 'None'
[1.437s] Level 5:colcon.colcon_core.verb:set package 'gong_basic' build argument 'cmake_target' from command line to 'None'
[1.437s] Level 5:colcon.colcon_core.verb:set package 'gong_basic' build argument 'cmake_target_skip_unavailable' from command line to 'False'
[1.437s] Level 5:colcon.colcon_core.verb:set package 'gong_basic' build argument 'cmake_clean_cache' from command line to 'False'
[1.437s] Level 5:colcon.colcon_core.verb:set package 'gong_basic' build argument 'cmake_clean_first' from command line to 'False'
[1.437s] Level 5:colcon.colcon_core.verb:set package 'gong_basic' build argument 'cmake_force_configure' from command line to 'False'
[1.437s] Level 5:colcon.colcon_core.verb:set package 'gong_basic' build argument 'ament_cmake_args' from command line to 'None'
[1.437s] Level 5:colcon.colcon_core.verb:set package 'gong_basic' build argument 'catkin_cmake_args' from command line to 'None'
[1.437s] Level 5:colcon.colcon_core.verb:set package 'gong_basic' build argument 'catkin_skip_building_tests' from command line to 'False'
[1.437s] DEBUG:colcon.colcon_core.verb:Building package 'gong_basic' with the following arguments: {'ament_cmake_args': None, 'build_base': '/home/leeji/ROS-Robotic-Arm-Control/WorkSpace_ROS/build/gong_basic', 'catkin_cmake_args': None, 'catkin_skip_building_tests': False, 'cmake_args': None, 'cmake_clean_cache': False, 'cmake_clean_first': False, 'cmake_force_configure': False, 'cmake_target': None, 'cmake_target_skip_unavailable': False, 'install_base': '/home/leeji/ROS-Robotic-Arm-Control/WorkSpace_ROS/install/gong_basic', 'merge_install': False, 'path': '/home/leeji/ROS-Robotic-Arm-Control/WorkSpace_ROS/src/gong_basic', 'symlink_install': True, 'test_result_base': None}
[1.437s] INFO:colcon.colcon_core.executor:Executing jobs using 'parallel' executor
[1.438s] DEBUG:colcon.colcon_parallel_executor.executor.parallel:run_until_complete
[1.438s] INFO:colcon.colcon_ros.task.ament_python.build:Building ROS package in '/home/leeji/ROS-Robotic-Arm-Control/WorkSpace_ROS/src/gong_basic' with build type 'ament_python'
[1.439s] Level 1:colcon.colcon_core.shell:create_environment_hook('gong_basic', 'ament_prefix_path')
[1.452s] INFO:colcon.colcon_core.plugin_system:Skipping extension 'colcon_core.shell.bat': Not used on non-Windows systems
[1.453s] INFO:colcon.colcon_core.shell:Creating environment hook '/home/leeji/ROS-Robotic-Arm-Control/WorkSpace_ROS/install/gong_basic/share/gong_basic/hook/ament_prefix_path.ps1'
[1.455s] INFO:colcon.colcon_core.shell:Creating environment descriptor '/home/leeji/ROS-Robotic-Arm-Control/WorkSpace_ROS/install/gong_basic/share/gong_basic/hook/ament_prefix_path.dsv'
[1.457s] INFO:colcon.colcon_core.shell:Creating environment hook '/home/leeji/ROS-Robotic-Arm-Control/WorkSpace_ROS/install/gong_basic/share/gong_basic/hook/ament_prefix_path.sh'
[1.458s] INFO:colcon.colcon_core.shell:Skip shell extension 'powershell' for command environment: Not usable outside of PowerShell
[1.459s] DEBUG:colcon.colcon_core.shell:Skip shell extension 'dsv' for command environment
[1.829s] INFO:colcon.colcon_core.task.python.build:Building Python package in '/home/leeji/ROS-Robotic-Arm-Control/WorkSpace_ROS/src/gong_basic'
[1.829s] INFO:colcon.colcon_core.shell:Skip shell extension 'powershell' for command environment: Not usable outside of PowerShell
[1.829s] DEBUG:colcon.colcon_core.shell:Skip shell extension 'dsv' for command environment
[3.945s] DEBUG:colcon.colcon_core.task.python.build:Available setuptools commands: setopt, build_scripts, upload, build, upload_docs, install_lib, extract_messages, clean, update_catalog, install_scripts, bdist, bdist_rpm, compile_catalog, build_py, egg_info, install, bdist_dumb, easy_install, check, saveopts, bdist_egg, install_egg_info, alias, editable_wheel, sdist, install_headers, develop, register, rotate, install_data, test, init_catalog, dist_info, build_clib, symlink_data, build_ext
[4.352s] DEBUG:colcon.colcon_core.task.python.build:Available setuptools 'develop' options: --index-url, --no-deps, --upgrade, --optimize, --always-unzip, --exclude-scripts, --build-directory, --script-dir, --install-layout, --record, --zip-ok, --always-copy, --editable, --egg-path, --uninstall, --dry-run, --version, --force-installation-into-system-dir, --prefix, --find-links, --install-dir, --multi-version, --no-user-cfg, --allow-hosts, --help, --local-snapshots-ok, --quiet, --user, --no-find-links, --site-dirs, --verbose
[4.398s] DEBUG:colcon.colcon_core.event_handler.log_command:Invoking command in '/home/leeji/ROS-Robotic-Arm-Control/WorkSpace_ROS/build/gong_basic': PYTHONPATH=/home/leeji/ROS-Robotic-Arm-Control/WorkSpace_ROS/build/gong_basic/prefix_override:/usr/lib/python3/dist-packages/colcon_core/task/python/colcon_distutils_commands:/home/leeji/ROS-Robotic-Arm-Control/WorkSpace_ROS/install/gong_basic/lib/python3.12/site-packages:${PYTHONPATH} /usr/bin/python3 -W ignore:setup.py install is deprecated -W ignore:easy_install command is deprecated setup.py develop --editable --build-directory /home/leeji/ROS-Robotic-Arm-Control/WorkSpace_ROS/build/gong_basic/build --no-deps symlink_data
[5.217s] Level 1:colcon.colcon_core.shell:create_environment_hook('gong_basic', 'pythonpath_develop')
[5.217s] INFO:colcon.colcon_core.shell:Creating environment hook '/home/leeji/ROS-Robotic-Arm-Control/WorkSpace_ROS/build/gong_basic/share/gong_basic/hook/pythonpath_develop.ps1'
[5.218s] DEBUG:colcon.colcon_core.event_handler.log_command:Invoked command in '/home/leeji/ROS-Robotic-Arm-Control/WorkSpace_ROS/build/gong_basic' returned '0': PYTHONPATH=/home/leeji/ROS-Robotic-Arm-Control/WorkSpace_ROS/build/gong_basic/prefix_override:/usr/lib/python3/dist-packages/colcon_core/task/python/colcon_distutils_commands:/home/leeji/ROS-Robotic-Arm-Control/WorkSpace_ROS/install/gong_basic/lib/python3.12/site-packages:${PYTHONPATH} /usr/bin/python3 -W ignore:setup.py install is deprecated -W ignore:easy_install command is deprecated setup.py develop --editable --build-directory /home/leeji/ROS-Robotic-Arm-Control/WorkSpace_ROS/build/gong_basic/build --no-deps symlink_data
[5.218s] INFO:colcon.colcon_core.shell:Creating environment descriptor '/home/leeji/ROS-Robotic-Arm-Control/WorkSpace_ROS/build/gong_basic/share/gong_basic/hook/pythonpath_develop.dsv'
[5.219s] INFO:colcon.colcon_core.shell:Creating environment hook '/home/leeji/ROS-Robotic-Arm-Control/WorkSpace_ROS/build/gong_basic/share/gong_basic/hook/pythonpath_develop.sh'
[5.368s] Level 1:colcon.colcon_core.environment:checking '/home/leeji/ROS-Robotic-Arm-Control/WorkSpace_ROS/install/gong_basic' for CMake module files
[5.369s] Level 1:colcon.colcon_core.environment:checking '/home/leeji/ROS-Robotic-Arm-Control/WorkSpace_ROS/install/gong_basic' for CMake config files
[5.370s] Level 1:colcon.colcon_core.environment:checking '/home/leeji/ROS-Robotic-Arm-Control/WorkSpace_ROS/install/gong_basic/lib'
[5.370s] Level 1:colcon.colcon_core.environment:checking '/home/leeji/ROS-Robotic-Arm-Control/WorkSpace_ROS/install/gong_basic/bin'
[5.370s] Level 1:colcon.colcon_core.environment:checking '/home/leeji/ROS-Robotic-Arm-Control/WorkSpace_ROS/install/gong_basic/lib/pkgconfig/gong_basic.pc'
[5.370s] Level 1:colcon.colcon_core.environment:checking '/home/leeji/ROS-Robotic-Arm-Control/WorkSpace_ROS/install/gong_basic/lib/python3.12/site-packages'
[5.371s] Level 1:colcon.colcon_core.shell:create_environment_hook('gong_basic', 'pythonpath')
[5.371s] INFO:colcon.colcon_core.shell:Creating environment hook '/home/leeji/ROS-Robotic-Arm-Control/WorkSpace_ROS/install/gong_basic/share/gong_basic/hook/pythonpath.ps1'
[5.371s] INFO:colcon.colcon_core.shell:Creating environment descriptor '/home/leeji/ROS-Robotic-Arm-Control/WorkSpace_ROS/install/gong_basic/share/gong_basic/hook/pythonpath.dsv'
[5.372s] INFO:colcon.colcon_core.shell:Creating environment hook '/home/leeji/ROS-Robotic-Arm-Control/WorkSpace_ROS/install/gong_basic/share/gong_basic/hook/pythonpath.sh'
[5.374s] Level 1:colcon.colcon_core.environment:checking '/home/leeji/ROS-Robotic-Arm-Control/WorkSpace_ROS/install/gong_basic/bin'
[5.374s] Level 1:colcon.colcon_core.environment:create_environment_scripts_only(gong_basic)
[5.375s] INFO:colcon.colcon_core.shell:Creating package script '/home/leeji/ROS-Robotic-Arm-Control/WorkSpace_ROS/install/gong_basic/share/gong_basic/package.ps1'
[5.377s] INFO:colcon.colcon_core.shell:Creating package descriptor '/home/leeji/ROS-Robotic-Arm-Control/WorkSpace_ROS/install/gong_basic/share/gong_basic/package.dsv'
[5.379s] INFO:colcon.colcon_core.shell:Creating package script '/home/leeji/ROS-Robotic-Arm-Control/WorkSpace_ROS/install/gong_basic/share/gong_basic/package.sh'
[5.381s] INFO:colcon.colcon_core.shell:Creating package script '/home/leeji/ROS-Robotic-Arm-Control/WorkSpace_ROS/install/gong_basic/share/gong_basic/package.bash'
[5.383s] INFO:colcon.colcon_core.shell:Creating package script '/home/leeji/ROS-Robotic-Arm-Control/WorkSpace_ROS/install/gong_basic/share/gong_basic/package.zsh'
[5.384s] Level 1:colcon.colcon_core.environment:create_file_with_runtime_dependencies(/home/leeji/ROS-Robotic-Arm-Control/WorkSpace_ROS/install/gong_basic/share/colcon-core/packages/gong_basic)
[5.385s] DEBUG:colcon.colcon_parallel_executor.executor.parallel:closing loop
[5.386s] DEBUG:colcon.colcon_parallel_executor.executor.parallel:loop closed
[5.387s] DEBUG:colcon.colcon_parallel_executor.executor.parallel:run_until_complete finished with '0'
[5.387s] DEBUG:colcon.colcon_core.event_reactor:joining thread
[5.577s] INFO:colcon.colcon_core.plugin_system:Skipping extension 'colcon_notification.desktop_notification.notify_send': Could not find 'notify-send'
[5.577s] INFO:colcon.colcon_core.plugin_system:Skipping extension 'colcon_notification.desktop_notification.terminal_notifier': Not used on non-Darwin systems
[5.578s] INFO:colcon.colcon_core.plugin_system:Skipping extension 'colcon_notification.desktop_notification.win32': Not used on non-Windows systems
[5.578s] INFO:colcon.colcon_notification.desktop_notification:Sending desktop notification using 'notify2'
[5.582s] DEBUG:colcon.colcon_notification.desktop_notification.notify2:Failed to initialize notify2: org.freedesktop.DBus.Error.ServiceUnknown: The name org.freedesktop.Notifications was not provided by any .service files
[5.582s] DEBUG:colcon.colcon_core.event_reactor:joined thread
[5.583s] INFO:colcon.colcon_core.shell:Creating prefix script '/home/leeji/ROS-Robotic-Arm-Control/WorkSpace_ROS/install/local_setup.ps1'
[5.585s] INFO:colcon.colcon_core.shell:Creating prefix util module '/home/leeji/ROS-Robotic-Arm-Control/WorkSpace_ROS/install/_local_setup_util_ps1.py'
[5.586s] INFO:colcon.colcon_core.shell:Creating prefix chain script '/home/leeji/ROS-Robotic-Arm-Control/WorkSpace_ROS/install/setup.ps1'
[5.588s] INFO:colcon.colcon_core.shell:Creating prefix script '/home/leeji/ROS-Robotic-Arm-Control/WorkSpace_ROS/install/local_setup.sh'
[5.591s] INFO:colcon.colcon_core.shell:Creating prefix util module '/home/leeji/ROS-Robotic-Arm-Control/WorkSpace_ROS/install/_local_setup_util_sh.py'
[5.592s] INFO:colcon.colcon_core.shell:Creating prefix chain script '/home/leeji/ROS-Robotic-Arm-Control/WorkSpace_ROS/install/setup.sh'
[5.594s] INFO:colcon.colcon_core.shell:Creating prefix script '/home/leeji/ROS-Robotic-Arm-Control/WorkSpace_ROS/install/local_setup.bash'
[5.595s] INFO:colcon.colcon_core.shell:Creating prefix chain script '/home/leeji/ROS-Robotic-Arm-Control/WorkSpace_ROS/install/setup.bash'
[5.597s] INFO:colcon.colcon_core.shell:Creating prefix script '/home/leeji/ROS-Robotic-Arm-Control/WorkSpace_ROS/install/local_setup.zsh'
[5.598s] INFO:colcon.colcon_core.shell:Creating prefix chain script '/home/leeji/ROS-Robotic-Arm-Control/WorkSpace_ROS/install/setup.zsh'
