[1.027s] DEBUG:colcon:Command line arguments: ['/usr/bin/colcon', 'build', '--symlink-install']
[1.028s] DEBUG:colcon:Parsed command line arguments: Namespace(log_base=None, log_level=None, verb_name='build', build_base='build', install_base='install', merge_install=False, symlink_install=True, test_result_base=None, continue_on_error=False, executor='parallel', parallel_workers=16, event_handlers=None, ignore_user_meta=False, metas=['./colcon.meta'], base_paths=['.'], packages_ignore=None, packages_ignore_regex=None, paths=None, packages_up_to=None, packages_up_to_regex=None, packages_above=None, packages_above_and_dependencies=None, packages_above_depth=None, packages_select_by_dep=None, packages_skip_by_dep=None, packages_skip_up_to=None, packages_select_build_failed=False, packages_skip_build_finished=False, packages_select_test_failures=False, packages_skip_test_passed=False, packages_select=None, packages_skip=None, packages_select_regex=None, packages_skip_regex=None, packages_start=None, packages_end=None, allow_overriding=[], cmake_args=None, cmake_target=None, cmake_target_skip_unavailable=False, cmake_clean_cache=False, cmake_clean_first=False, cmake_force_configure=False, ament_cmake_args=None, catkin_cmake_args=None, catkin_skip_building_tests=False, mixin_files=None, mixin=None, verb_parser=<colcon_mixin.mixin.mixin_argument.MixinArgumentDecorator object at 0x7d4bedd79d00>, verb_extension=<colcon_core.verb.build.BuildVerb object at 0x7d4bedeaa3f0>, main=<bound method BuildVerb.main of <colcon_core.verb.build.BuildVerb object at 0x7d4bedeaa3f0>>, mixin_verb=('build',))
[1.191s] Level 1:colcon.colcon_core.package_discovery:discover_packages(colcon_meta) check parameters
[1.191s] Level 1:colcon.colcon_core.package_discovery:discover_packages(recursive) check parameters
[1.191s] Level 1:colcon.colcon_core.package_discovery:discover_packages(ignore) check parameters
[1.191s] Level 1:colcon.colcon_core.package_discovery:discover_packages(path) check parameters
[1.191s] Level 1:colcon.colcon_core.package_discovery:discover_packages(colcon_meta) discover
[1.191s] Level 1:colcon.colcon_core.package_discovery:discover_packages(recursive) discover
[1.191s] INFO:colcon.colcon_core.package_discovery:Crawling recursively for packages in '/home/leeji/ROS-Robotic-Arm-Control/WorkSpace_ROS'
[1.191s] Level 1:colcon.colcon_core.package_identification:_identify(.) by extensions ['ignore', 'ignore_ament_install']
[1.192s] Level 1:colcon.colcon_core.package_identification:_identify(.) by extension 'ignore'
[1.192s] Level 1:colcon.colcon_core.package_identification:_identify(.) by extension 'ignore_ament_install'
[1.192s] Level 1:colcon.colcon_core.package_identification:_identify(.) by extensions ['colcon_pkg']
[1.192s] Level 1:colcon.colcon_core.package_identification:_identify(.) by extension 'colcon_pkg'
[1.192s] Level 1:colcon.colcon_core.package_identification:_identify(.) by extensions ['colcon_meta']
[1.192s] Level 1:colcon.colcon_core.package_identification:_identify(.) by extension 'colcon_meta'
[1.192s] Level 1:colcon.colcon_core.package_identification:_identify(.) by extensions ['ros']
[1.192s] Level 1:colcon.colcon_core.package_identification:_identify(.) by extension 'ros'
[1.257s] Level 1:colcon.colcon_core.package_identification:_identify(.) by extensions ['cmake', 'python']
[1.257s] Level 1:colcon.colcon_core.package_identification:_identify(.) by extension 'cmake'
[1.257s] Level 1:colcon.colcon_core.package_identification:_identify(.) by extension 'python'
[1.257s] Level 1:colcon.colcon_core.package_identification:_identify(.) by extensions ['python_setup_py']
[1.257s] Level 1:colcon.colcon_core.package_identification:_identify(.) by extension 'python_setup_py'
[1.257s] Level 1:colcon.colcon_core.package_identification:_identify(build) by extensions ['ignore', 'ignore_ament_install']
[1.258s] Level 1:colcon.colcon_core.package_identification:_identify(build) by extension 'ignore'
[1.258s] Level 1:colcon.colcon_core.package_identification:_identify(build) ignored
[1.258s] Level 1:colcon.colcon_core.package_identification:_identify(install) by extensions ['ignore', 'ignore_ament_install']
[1.258s] Level 1:colcon.colcon_core.package_identification:_identify(install) by extension 'ignore'
[1.258s] Level 1:colcon.colcon_core.package_identification:_identify(install) ignored
[1.258s] Level 1:colcon.colcon_core.package_identification:_identify(log) by extensions ['ignore', 'ignore_ament_install']
[1.258s] Level 1:colcon.colcon_core.package_identification:_identify(log) by extension 'ignore'
[1.258s] Level 1:colcon.colcon_core.package_identification:_identify(log) ignored
[1.258s] Level 1:colcon.colcon_core.package_identification:_identify(src) by extensions ['ignore', 'ignore_ament_install']
[1.258s] Level 1:colcon.colcon_core.package_identification:_identify(src) by extension 'ignore'
[1.258s] Level 1:colcon.colcon_core.package_identification:_identify(src) by extension 'ignore_ament_install'
[1.258s] Level 1:colcon.colcon_core.package_identification:_identify(src) by extensions ['colcon_pkg']
[1.259s] Level 1:colcon.colcon_core.package_identification:_identify(src) by extension 'colcon_pkg'
[1.259s] Level 1:colcon.colcon_core.package_identification:_identify(src) by extensions ['colcon_meta']
[1.259s] Level 1:colcon.colcon_core.package_identification:_identify(src) by extension 'colcon_meta'
[1.259s] Level 1:colcon.colcon_core.package_identification:_identify(src) by extensions ['ros']
[1.259s] Level 1:colcon.colcon_core.package_identification:_identify(src) by extension 'ros'
[1.259s] Level 1:colcon.colcon_core.package_identification:_identify(src) by extensions ['cmake', 'python']
[1.259s] Level 1:colcon.colcon_core.package_identification:_identify(src) by extension 'cmake'
[1.259s] Level 1:colcon.colcon_core.package_identification:_identify(src) by extension 'python'
[1.259s] Level 1:colcon.colcon_core.package_identification:_identify(src) by extensions ['python_setup_py']
[1.259s] Level 1:colcon.colcon_core.package_identification:_identify(src) by extension 'python_setup_py'
[1.259s] Level 1:colcon.colcon_core.package_identification:_identify(src/gong_basic) by extensions ['ignore', 'ignore_ament_install']
[1.259s] Level 1:colcon.colcon_core.package_identification:_identify(src/gong_basic) by extension 'ignore'
[1.259s] Level 1:colcon.colcon_core.package_identification:_identify(src/gong_basic) by extension 'ignore_ament_install'
[1.259s] Level 1:colcon.colcon_core.package_identification:_identify(src/gong_basic) by extensions ['colcon_pkg']
[1.259s] Level 1:colcon.colcon_core.package_identification:_identify(src/gong_basic) by extension 'colcon_pkg'
[1.259s] Level 1:colcon.colcon_core.package_identification:_identify(src/gong_basic) by extensions ['colcon_meta']
[1.259s] Level 1:colcon.colcon_core.package_identification:_identify(src/gong_basic) by extension 'colcon_meta'
[1.259s] Level 1:colcon.colcon_core.package_identification:_identify(src/gong_basic) by extensions ['ros']
[1.259s] Level 1:colcon.colcon_core.package_identification:_identify(src/gong_basic) by extension 'ros'
[1.265s] DEBUG:colcon.colcon_core.package_identification:Package 'src/gong_basic' with type 'ros.ament_python' and name 'gong_basic'
[1.265s] Level 1:colcon.colcon_core.package_discovery:discover_packages(recursive) using defaults
[1.265s] Level 1:colcon.colcon_core.package_discovery:discover_packages(ignore) discover
[1.265s] Level 1:colcon.colcon_core.package_discovery:discover_packages(ignore) using defaults
[1.265s] Level 1:colcon.colcon_core.package_discovery:discover_packages(path) discover
[1.265s] Level 1:colcon.colcon_core.package_discovery:discover_packages(path) using defaults
[1.330s] Level 1:colcon.colcon_core.package_discovery:discover_packages(prefix_path) check parameters
[1.330s] Level 1:colcon.colcon_core.package_discovery:discover_packages(prefix_path) discover
[1.340s] DEBUG:colcon.colcon_installed_package_information.package_discovery:Found 1 installed packages in /home/leeji/ROS-Robotic-Arm-Control/WorkSpace_ROS/install
[1.345s] DEBUG:colcon.colcon_installed_package_information.package_discovery:Found 287 installed packages in /opt/ros/jazzy
[1.347s] Level 1:colcon.colcon_core.package_discovery:discover_packages(prefix_path) using defaults
[1.575s] Level 5:colcon.colcon_core.verb:set package 'gong_basic' build argument 'cmake_args' from command line to 'None'
[1.575s] Level 5:colcon.colcon_core.verb:set package 'gong_basic' build argument 'cmake_target' from command line to 'None'
[1.575s] Level 5:colcon.colcon_core.verb:set package 'gong_basic' build argument 'cmake_target_skip_unavailable' from command line to 'False'
[1.575s] Level 5:colcon.colcon_core.verb:set package 'gong_basic' build argument 'cmake_clean_cache' from command line to 'False'
[1.575s] Level 5:colcon.colcon_core.verb:set package 'gong_basic' build argument 'cmake_clean_first' from command line to 'False'
[1.575s] Level 5:colcon.colcon_core.verb:set package 'gong_basic' build argument 'cmake_force_configure' from command line to 'False'
[1.575s] Level 5:colcon.colcon_core.verb:set package 'gong_basic' build argument 'ament_cmake_args' from command line to 'None'
[1.575s] Level 5:colcon.colcon_core.verb:set package 'gong_basic' build argument 'catkin_cmake_args' from command line to 'None'
[1.575s] Level 5:colcon.colcon_core.verb:set package 'gong_basic' build argument 'catkin_skip_building_tests' from command line to 'False'
[1.575s] DEBUG:colcon.colcon_core.verb:Building package 'gong_basic' with the following arguments: {'ament_cmake_args': None, 'build_base': '/home/leeji/ROS-Robotic-Arm-Control/WorkSpace_ROS/build/gong_basic', 'catkin_cmake_args': None, 'catkin_skip_building_tests': False, 'cmake_args': None, 'cmake_clean_cache': False, 'cmake_clean_first': False, 'cmake_force_configure': False, 'cmake_target': None, 'cmake_target_skip_unavailable': False, 'install_base': '/home/leeji/ROS-Robotic-Arm-Control/WorkSpace_ROS/install/gong_basic', 'merge_install': False, 'path': '/home/leeji/ROS-Robotic-Arm-Control/WorkSpace_ROS/src/gong_basic', 'symlink_install': True, 'test_result_base': None}
[1.575s] INFO:colcon.colcon_core.executor:Executing jobs using 'parallel' executor
[1.576s] DEBUG:colcon.colcon_parallel_executor.executor.parallel:run_until_complete
[1.576s] INFO:colcon.colcon_ros.task.ament_python.build:Building ROS package in '/home/leeji/ROS-Robotic-Arm-Control/WorkSpace_ROS/src/gong_basic' with build type 'ament_python'
[1.576s] Level 1:colcon.colcon_core.shell:create_environment_hook('gong_basic', 'ament_prefix_path')
[1.589s] INFO:colcon.colcon_core.plugin_system:Skipping extension 'colcon_core.shell.bat': Not used on non-Windows systems
[1.589s] INFO:colcon.colcon_core.shell:Creating environment hook '/home/leeji/ROS-Robotic-Arm-Control/WorkSpace_ROS/install/gong_basic/share/gong_basic/hook/ament_prefix_path.ps1'
[1.590s] INFO:colcon.colcon_core.shell:Creating environment descriptor '/home/leeji/ROS-Robotic-Arm-Control/WorkSpace_ROS/install/gong_basic/share/gong_basic/hook/ament_prefix_path.dsv'
[1.591s] INFO:colcon.colcon_core.shell:Creating environment hook '/home/leeji/ROS-Robotic-Arm-Control/WorkSpace_ROS/install/gong_basic/share/gong_basic/hook/ament_prefix_path.sh'
[1.592s] INFO:colcon.colcon_core.shell:Skip shell extension 'powershell' for command environment: Not usable outside of PowerShell
[1.592s] DEBUG:colcon.colcon_core.shell:Skip shell extension 'dsv' for command environment
[1.849s] INFO:colcon.colcon_core.task.python.build:Building Python package in '/home/leeji/ROS-Robotic-Arm-Control/WorkSpace_ROS/src/gong_basic'
[1.849s] INFO:colcon.colcon_core.shell:Skip shell extension 'powershell' for command environment: Not usable outside of PowerShell
[1.849s] DEBUG:colcon.colcon_core.shell:Skip shell extension 'dsv' for command environment
[3.386s] DEBUG:colcon.colcon_core.task.python.build:Available setuptools commands: build_scripts, install_lib, build_ext, bdist_dumb, bdist, build_clib, install_egg_info, develop, clean, editable_wheel, setopt, install_scripts, dist_info, test, build_py, install, build, bdist_rpm, init_catalog, install_data, register, easy_install, compile_catalog, saveopts, upload_docs, bdist_egg, alias, symlink_data, rotate, sdist, extract_messages, check, install_headers, egg_info, update_catalog, upload
[3.836s] DEBUG:colcon.colcon_core.task.python.build:Available setuptools 'develop' options: --editable, --uninstall, --version, --optimize, --site-dirs, --force-installation-into-system-dir, --user, --allow-hosts, --upgrade, --no-find-links, --exclude-scripts, --find-links, --index-url, --no-deps, --local-snapshots-ok, --script-dir, --prefix, --help, --install-layout, --multi-version, --record, --zip-ok, --build-directory, --install-dir, --always-copy, --always-unzip, --dry-run, --no-user-cfg, --verbose, --quiet, --egg-path
[3.959s] DEBUG:colcon.colcon_core.event_handler.log_command:Invoking command in '/home/leeji/ROS-Robotic-Arm-Control/WorkSpace_ROS/build/gong_basic': PYTHONPATH=/home/leeji/ROS-Robotic-Arm-Control/WorkSpace_ROS/build/gong_basic/prefix_override:/usr/lib/python3/dist-packages/colcon_core/task/python/colcon_distutils_commands:/home/leeji/ROS-Robotic-Arm-Control/WorkSpace_ROS/install/gong_basic/lib/python3.12/site-packages:${PYTHONPATH} /usr/bin/python3 -W ignore:setup.py install is deprecated -W ignore:easy_install command is deprecated setup.py develop --editable --build-directory /home/leeji/ROS-Robotic-Arm-Control/WorkSpace_ROS/build/gong_basic/build --no-deps symlink_data
[4.866s] Level 1:colcon.colcon_core.shell:create_environment_hook('gong_basic', 'pythonpath_develop')
[4.866s] INFO:colcon.colcon_core.shell:Creating environment hook '/home/leeji/ROS-Robotic-Arm-Control/WorkSpace_ROS/build/gong_basic/share/gong_basic/hook/pythonpath_develop.ps1'
[4.868s] DEBUG:colcon.colcon_core.event_handler.log_command:Invoked command in '/home/leeji/ROS-Robotic-Arm-Control/WorkSpace_ROS/build/gong_basic' returned '0': PYTHONPATH=/home/leeji/ROS-Robotic-Arm-Control/WorkSpace_ROS/build/gong_basic/prefix_override:/usr/lib/python3/dist-packages/colcon_core/task/python/colcon_distutils_commands:/home/leeji/ROS-Robotic-Arm-Control/WorkSpace_ROS/install/gong_basic/lib/python3.12/site-packages:${PYTHONPATH} /usr/bin/python3 -W ignore:setup.py install is deprecated -W ignore:easy_install command is deprecated setup.py develop --editable --build-directory /home/leeji/ROS-Robotic-Arm-Control/WorkSpace_ROS/build/gong_basic/build --no-deps symlink_data
[4.868s] INFO:colcon.colcon_core.shell:Creating environment descriptor '/home/leeji/ROS-Robotic-Arm-Control/WorkSpace_ROS/build/gong_basic/share/gong_basic/hook/pythonpath_develop.dsv'
[4.869s] INFO:colcon.colcon_core.shell:Creating environment hook '/home/leeji/ROS-Robotic-Arm-Control/WorkSpace_ROS/build/gong_basic/share/gong_basic/hook/pythonpath_develop.sh'
[4.994s] Level 1:colcon.colcon_core.environment:checking '/home/leeji/ROS-Robotic-Arm-Control/WorkSpace_ROS/install/gong_basic' for CMake module files
[4.994s] Level 1:colcon.colcon_core.environment:checking '/home/leeji/ROS-Robotic-Arm-Control/WorkSpace_ROS/install/gong_basic' for CMake config files
[4.995s] Level 1:colcon.colcon_core.environment:checking '/home/leeji/ROS-Robotic-Arm-Control/WorkSpace_ROS/install/gong_basic/lib'
[4.995s] Level 1:colcon.colcon_core.environment:checking '/home/leeji/ROS-Robotic-Arm-Control/WorkSpace_ROS/install/gong_basic/bin'
[4.996s] Level 1:colcon.colcon_core.environment:checking '/home/leeji/ROS-Robotic-Arm-Control/WorkSpace_ROS/install/gong_basic/lib/pkgconfig/gong_basic.pc'
[4.996s] Level 1:colcon.colcon_core.environment:checking '/home/leeji/ROS-Robotic-Arm-Control/WorkSpace_ROS/install/gong_basic/lib/python3.12/site-packages'
[4.996s] Level 1:colcon.colcon_core.shell:create_environment_hook('gong_basic', 'pythonpath')
[4.996s] INFO:colcon.colcon_core.shell:Creating environment hook '/home/leeji/ROS-Robotic-Arm-Control/WorkSpace_ROS/install/gong_basic/share/gong_basic/hook/pythonpath.ps1'
[4.997s] INFO:colcon.colcon_core.shell:Creating environment descriptor '/home/leeji/ROS-Robotic-Arm-Control/WorkSpace_ROS/install/gong_basic/share/gong_basic/hook/pythonpath.dsv'
[4.998s] INFO:colcon.colcon_core.shell:Creating environment hook '/home/leeji/ROS-Robotic-Arm-Control/WorkSpace_ROS/install/gong_basic/share/gong_basic/hook/pythonpath.sh'
[4.999s] Level 1:colcon.colcon_core.environment:checking '/home/leeji/ROS-Robotic-Arm-Control/WorkSpace_ROS/install/gong_basic/bin'
[5.000s] Level 1:colcon.colcon_core.environment:create_environment_scripts_only(gong_basic)
[5.000s] INFO:colcon.colcon_core.shell:Creating package script '/home/leeji/ROS-Robotic-Arm-Control/WorkSpace_ROS/install/gong_basic/share/gong_basic/package.ps1'
[5.003s] INFO:colcon.colcon_core.shell:Creating package descriptor '/home/leeji/ROS-Robotic-Arm-Control/WorkSpace_ROS/install/gong_basic/share/gong_basic/package.dsv'
[5.005s] INFO:colcon.colcon_core.shell:Creating package script '/home/leeji/ROS-Robotic-Arm-Control/WorkSpace_ROS/install/gong_basic/share/gong_basic/package.sh'
[5.007s] INFO:colcon.colcon_core.shell:Creating package script '/home/leeji/ROS-Robotic-Arm-Control/WorkSpace_ROS/install/gong_basic/share/gong_basic/package.bash'
[5.010s] INFO:colcon.colcon_core.shell:Creating package script '/home/leeji/ROS-Robotic-Arm-Control/WorkSpace_ROS/install/gong_basic/share/gong_basic/package.zsh'
[5.011s] Level 1:colcon.colcon_core.environment:create_file_with_runtime_dependencies(/home/leeji/ROS-Robotic-Arm-Control/WorkSpace_ROS/install/gong_basic/share/colcon-core/packages/gong_basic)
[5.013s] DEBUG:colcon.colcon_parallel_executor.executor.parallel:closing loop
[5.013s] DEBUG:colcon.colcon_parallel_executor.executor.parallel:loop closed
[5.014s] DEBUG:colcon.colcon_parallel_executor.executor.parallel:run_until_complete finished with '0'
[5.014s] DEBUG:colcon.colcon_core.event_reactor:joining thread
[5.196s] INFO:colcon.colcon_core.plugin_system:Skipping extension 'colcon_notification.desktop_notification.notify_send': Could not find 'notify-send'
[5.196s] INFO:colcon.colcon_core.plugin_system:Skipping extension 'colcon_notification.desktop_notification.terminal_notifier': Not used on non-Darwin systems
[5.197s] INFO:colcon.colcon_core.plugin_system:Skipping extension 'colcon_notification.desktop_notification.win32': Not used on non-Windows systems
[5.197s] INFO:colcon.colcon_notification.desktop_notification:Sending desktop notification using 'notify2'
[5.291s] DEBUG:colcon.colcon_notification.desktop_notification.notify2:Failed to initialize notify2: org.freedesktop.DBus.Error.ServiceUnknown: The name org.freedesktop.Notifications was not provided by any .service files
[5.292s] DEBUG:colcon.colcon_core.event_reactor:joined thread
[5.292s] INFO:colcon.colcon_core.shell:Creating prefix script '/home/leeji/ROS-Robotic-Arm-Control/WorkSpace_ROS/install/local_setup.ps1'
[5.298s] INFO:colcon.colcon_core.shell:Creating prefix util module '/home/leeji/ROS-Robotic-Arm-Control/WorkSpace_ROS/install/_local_setup_util_ps1.py'
[5.300s] INFO:colcon.colcon_core.shell:Creating prefix chain script '/home/leeji/ROS-Robotic-Arm-Control/WorkSpace_ROS/install/setup.ps1'
[5.302s] INFO:colcon.colcon_core.shell:Creating prefix script '/home/leeji/ROS-Robotic-Arm-Control/WorkSpace_ROS/install/local_setup.sh'
[5.304s] INFO:colcon.colcon_core.shell:Creating prefix util module '/home/leeji/ROS-Robotic-Arm-Control/WorkSpace_ROS/install/_local_setup_util_sh.py'
[5.305s] INFO:colcon.colcon_core.shell:Creating prefix chain script '/home/leeji/ROS-Robotic-Arm-Control/WorkSpace_ROS/install/setup.sh'
[5.308s] INFO:colcon.colcon_core.shell:Creating prefix script '/home/leeji/ROS-Robotic-Arm-Control/WorkSpace_ROS/install/local_setup.bash'
[5.310s] INFO:colcon.colcon_core.shell:Creating prefix chain script '/home/leeji/ROS-Robotic-Arm-Control/WorkSpace_ROS/install/setup.bash'
[5.312s] INFO:colcon.colcon_core.shell:Creating prefix script '/home/leeji/ROS-Robotic-Arm-Control/WorkSpace_ROS/install/local_setup.zsh'
[5.313s] INFO:colcon.colcon_core.shell:Creating prefix chain script '/home/leeji/ROS-Robotic-Arm-Control/WorkSpace_ROS/install/setup.zsh'
