[0.389s] DEBUG:colcon:Command line arguments: ['/usr/bin/colcon', 'build']
[0.389s] DEBUG:colcon:Parsed command line arguments: Namespace(log_base=None, log_level=None, verb_name='build', build_base='build', install_base='install', merge_install=False, symlink_install=False, test_result_base=None, continue_on_error=False, executor='parallel', parallel_workers=16, event_handlers=None, ignore_user_meta=False, metas=['./colcon.meta'], base_paths=['.'], packages_ignore=None, packages_ignore_regex=None, paths=None, packages_up_to=None, packages_up_to_regex=None, packages_above=None, packages_above_and_dependencies=None, packages_above_depth=None, packages_select_by_dep=None, packages_skip_by_dep=None, packages_skip_up_to=None, packages_select_build_failed=False, packages_skip_build_finished=False, packages_select_test_failures=False, packages_skip_test_passed=False, packages_select=None, packages_skip=None, packages_select_regex=None, packages_skip_regex=None, packages_start=None, packages_end=None, allow_overriding=[], cmake_args=None, cmake_target=None, cmake_target_skip_unavailable=False, cmake_clean_cache=False, cmake_clean_first=False, cmake_force_configure=False, ament_cmake_args=None, catkin_cmake_args=None, catkin_skip_building_tests=False, mixin_files=None, mixin=None, verb_parser=<colcon_mixin.mixin.mixin_argument.MixinArgumentDecorator object at 0x7f22f247deb0>, verb_extension=<colcon_core.verb.build.BuildVerb object at 0x7f22f25ae5d0>, main=<bound method BuildVerb.main of <colcon_core.verb.build.BuildVerb object at 0x7f22f25ae5d0>>, mixin_verb=('build',))
[0.462s] Level 1:colcon.colcon_core.package_discovery:discover_packages(colcon_meta) check parameters
[0.462s] Level 1:colcon.colcon_core.package_discovery:discover_packages(recursive) check parameters
[0.462s] Level 1:colcon.colcon_core.package_discovery:discover_packages(ignore) check parameters
[0.462s] Level 1:colcon.colcon_core.package_discovery:discover_packages(path) check parameters
[0.462s] Level 1:colcon.colcon_core.package_discovery:discover_packages(colcon_meta) discover
[0.462s] Level 1:colcon.colcon_core.package_discovery:discover_packages(recursive) discover
[0.462s] INFO:colcon.colcon_core.package_discovery:Crawling recursively for packages in '/home/leeji/ROS-Robotic-Arm-Control/WorkSpace_ROS'
[0.462s] Level 1:colcon.colcon_core.package_identification:_identify(.) by extensions ['ignore', 'ignore_ament_install']
[0.462s] Level 1:colcon.colcon_core.package_identification:_identify(.) by extension 'ignore'
[0.462s] Level 1:colcon.colcon_core.package_identification:_identify(.) by extension 'ignore_ament_install'
[0.462s] Level 1:colcon.colcon_core.package_identification:_identify(.) by extensions ['colcon_pkg']
[0.462s] Level 1:colcon.colcon_core.package_identification:_identify(.) by extension 'colcon_pkg'
[0.463s] Level 1:colcon.colcon_core.package_identification:_identify(.) by extensions ['colcon_meta']
[0.463s] Level 1:colcon.colcon_core.package_identification:_identify(.) by extension 'colcon_meta'
[0.463s] Level 1:colcon.colcon_core.package_identification:_identify(.) by extensions ['ros']
[0.463s] Level 1:colcon.colcon_core.package_identification:_identify(.) by extension 'ros'
[0.496s] Level 1:colcon.colcon_core.package_identification:_identify(.) by extensions ['cmake', 'python']
[0.496s] Level 1:colcon.colcon_core.package_identification:_identify(.) by extension 'cmake'
[0.496s] Level 1:colcon.colcon_core.package_identification:_identify(.) by extension 'python'
[0.496s] Level 1:colcon.colcon_core.package_identification:_identify(.) by extensions ['python_setup_py']
[0.496s] Level 1:colcon.colcon_core.package_identification:_identify(.) by extension 'python_setup_py'
[0.496s] Level 1:colcon.colcon_core.package_identification:_identify(build) by extensions ['ignore', 'ignore_ament_install']
[0.496s] Level 1:colcon.colcon_core.package_identification:_identify(build) by extension 'ignore'
[0.496s] Level 1:colcon.colcon_core.package_identification:_identify(build) ignored
[0.496s] Level 1:colcon.colcon_core.package_identification:_identify(install) by extensions ['ignore', 'ignore_ament_install']
[0.496s] Level 1:colcon.colcon_core.package_identification:_identify(install) by extension 'ignore'
[0.496s] Level 1:colcon.colcon_core.package_identification:_identify(install) ignored
[0.496s] Level 1:colcon.colcon_core.package_identification:_identify(log) by extensions ['ignore', 'ignore_ament_install']
[0.496s] Level 1:colcon.colcon_core.package_identification:_identify(log) by extension 'ignore'
[0.497s] Level 1:colcon.colcon_core.package_identification:_identify(log) ignored
[0.497s] Level 1:colcon.colcon_core.package_identification:_identify(src) by extensions ['ignore', 'ignore_ament_install']
[0.497s] Level 1:colcon.colcon_core.package_identification:_identify(src) by extension 'ignore'
[0.497s] Level 1:colcon.colcon_core.package_identification:_identify(src) by extension 'ignore_ament_install'
[0.497s] Level 1:colcon.colcon_core.package_identification:_identify(src) by extensions ['colcon_pkg']
[0.497s] Level 1:colcon.colcon_core.package_identification:_identify(src) by extension 'colcon_pkg'
[0.497s] Level 1:colcon.colcon_core.package_identification:_identify(src) by extensions ['colcon_meta']
[0.497s] Level 1:colcon.colcon_core.package_identification:_identify(src) by extension 'colcon_meta'
[0.497s] Level 1:colcon.colcon_core.package_identification:_identify(src) by extensions ['ros']
[0.497s] Level 1:colcon.colcon_core.package_identification:_identify(src) by extension 'ros'
[0.497s] Level 1:colcon.colcon_core.package_identification:_identify(src) by extensions ['cmake', 'python']
[0.497s] Level 1:colcon.colcon_core.package_identification:_identify(src) by extension 'cmake'
[0.497s] Level 1:colcon.colcon_core.package_identification:_identify(src) by extension 'python'
[0.497s] Level 1:colcon.colcon_core.package_identification:_identify(src) by extensions ['python_setup_py']
[0.497s] Level 1:colcon.colcon_core.package_identification:_identify(src) by extension 'python_setup_py'
[0.497s] Level 1:colcon.colcon_core.package_identification:_identify(src/gong_basic) by extensions ['ignore', 'ignore_ament_install']
[0.497s] Level 1:colcon.colcon_core.package_identification:_identify(src/gong_basic) by extension 'ignore'
[0.497s] Level 1:colcon.colcon_core.package_identification:_identify(src/gong_basic) by extension 'ignore_ament_install'
[0.497s] Level 1:colcon.colcon_core.package_identification:_identify(src/gong_basic) by extensions ['colcon_pkg']
[0.497s] Level 1:colcon.colcon_core.package_identification:_identify(src/gong_basic) by extension 'colcon_pkg'
[0.497s] Level 1:colcon.colcon_core.package_identification:_identify(src/gong_basic) by extensions ['colcon_meta']
[0.497s] Level 1:colcon.colcon_core.package_identification:_identify(src/gong_basic) by extension 'colcon_meta'
[0.497s] Level 1:colcon.colcon_core.package_identification:_identify(src/gong_basic) by extensions ['ros']
[0.497s] Level 1:colcon.colcon_core.package_identification:_identify(src/gong_basic) by extension 'ros'
[0.500s] DEBUG:colcon.colcon_core.package_identification:Package 'src/gong_basic' with type 'ros.ament_python' and name 'gong_basic'
[0.500s] Level 1:colcon.colcon_core.package_identification:_identify(src/gong_manipulator_20206) by extensions ['ignore', 'ignore_ament_install']
[0.500s] Level 1:colcon.colcon_core.package_identification:_identify(src/gong_manipulator_20206) by extension 'ignore'
[0.500s] Level 1:colcon.colcon_core.package_identification:_identify(src/gong_manipulator_20206) by extension 'ignore_ament_install'
[0.500s] Level 1:colcon.colcon_core.package_identification:_identify(src/gong_manipulator_20206) by extensions ['colcon_pkg']
[0.500s] Level 1:colcon.colcon_core.package_identification:_identify(src/gong_manipulator_20206) by extension 'colcon_pkg'
[0.500s] Level 1:colcon.colcon_core.package_identification:_identify(src/gong_manipulator_20206) by extensions ['colcon_meta']
[0.500s] Level 1:colcon.colcon_core.package_identification:_identify(src/gong_manipulator_20206) by extension 'colcon_meta'
[0.500s] Level 1:colcon.colcon_core.package_identification:_identify(src/gong_manipulator_20206) by extensions ['ros']
[0.500s] Level 1:colcon.colcon_core.package_identification:_identify(src/gong_manipulator_20206) by extension 'ros'
[0.500s] Level 1:colcon.colcon_core.package_identification:_identify(src/gong_manipulator_20206) by extensions ['cmake', 'python']
[0.500s] Level 1:colcon.colcon_core.package_identification:_identify(src/gong_manipulator_20206) by extension 'cmake'
[0.500s] Level 1:colcon.colcon_core.package_identification:_identify(src/gong_manipulator_20206) by extension 'python'
[0.500s] Level 1:colcon.colcon_core.package_identification:_identify(src/gong_manipulator_20206) by extensions ['python_setup_py']
[0.500s] Level 1:colcon.colcon_core.package_identification:_identify(src/gong_manipulator_20206) by extension 'python_setup_py'
[0.501s] Level 1:colcon.colcon_core.package_identification:_identify(src/gong_manipulator_20206/doc) by extensions ['ignore', 'ignore_ament_install']
[0.501s] Level 1:colcon.colcon_core.package_identification:_identify(src/gong_manipulator_20206/doc) by extension 'ignore'
[0.501s] Level 1:colcon.colcon_core.package_identification:_identify(src/gong_manipulator_20206/doc) by extension 'ignore_ament_install'
[0.501s] Level 1:colcon.colcon_core.package_identification:_identify(src/gong_manipulator_20206/doc) by extensions ['colcon_pkg']
[0.501s] Level 1:colcon.colcon_core.package_identification:_identify(src/gong_manipulator_20206/doc) by extension 'colcon_pkg'
[0.501s] Level 1:colcon.colcon_core.package_identification:_identify(src/gong_manipulator_20206/doc) by extensions ['colcon_meta']
[0.501s] Level 1:colcon.colcon_core.package_identification:_identify(src/gong_manipulator_20206/doc) by extension 'colcon_meta'
[0.501s] Level 1:colcon.colcon_core.package_identification:_identify(src/gong_manipulator_20206/doc) by extensions ['ros']
[0.501s] Level 1:colcon.colcon_core.package_identification:_identify(src/gong_manipulator_20206/doc) by extension 'ros'
[0.501s] Level 1:colcon.colcon_core.package_identification:_identify(src/gong_manipulator_20206/doc) by extensions ['cmake', 'python']
[0.501s] Level 1:colcon.colcon_core.package_identification:_identify(src/gong_manipulator_20206/doc) by extension 'cmake'
[0.501s] Level 1:colcon.colcon_core.package_identification:_identify(src/gong_manipulator_20206/doc) by extension 'python'
[0.501s] Level 1:colcon.colcon_core.package_identification:_identify(src/gong_manipulator_20206/doc) by extensions ['python_setup_py']
[0.501s] Level 1:colcon.colcon_core.package_identification:_identify(src/gong_manipulator_20206/doc) by extension 'python_setup_py'
[0.501s] Level 1:colcon.colcon_core.package_identification:_identify(src/gong_manipulator_20206/doc/ppt) by extensions ['ignore', 'ignore_ament_install']
[0.501s] Level 1:colcon.colcon_core.package_identification:_identify(src/gong_manipulator_20206/doc/ppt) by extension 'ignore'
[0.501s] Level 1:colcon.colcon_core.package_identification:_identify(src/gong_manipulator_20206/doc/ppt) by extension 'ignore_ament_install'
[0.501s] Level 1:colcon.colcon_core.package_identification:_identify(src/gong_manipulator_20206/doc/ppt) by extensions ['colcon_pkg']
[0.501s] Level 1:colcon.colcon_core.package_identification:_identify(src/gong_manipulator_20206/doc/ppt) by extension 'colcon_pkg'
[0.501s] Level 1:colcon.colcon_core.package_identification:_identify(src/gong_manipulator_20206/doc/ppt) by extensions ['colcon_meta']
[0.501s] Level 1:colcon.colcon_core.package_identification:_identify(src/gong_manipulator_20206/doc/ppt) by extension 'colcon_meta'
[0.501s] Level 1:colcon.colcon_core.package_identification:_identify(src/gong_manipulator_20206/doc/ppt) by extensions ['ros']
[0.501s] Level 1:colcon.colcon_core.package_identification:_identify(src/gong_manipulator_20206/doc/ppt) by extension 'ros'
[0.501s] Level 1:colcon.colcon_core.package_identification:_identify(src/gong_manipulator_20206/doc/ppt) by extensions ['cmake', 'python']
[0.501s] Level 1:colcon.colcon_core.package_identification:_identify(src/gong_manipulator_20206/doc/ppt) by extension 'cmake'
[0.501s] Level 1:colcon.colcon_core.package_identification:_identify(src/gong_manipulator_20206/doc/ppt) by extension 'python'
[0.501s] Level 1:colcon.colcon_core.package_identification:_identify(src/gong_manipulator_20206/doc/ppt) by extensions ['python_setup_py']
[0.501s] Level 1:colcon.colcon_core.package_identification:_identify(src/gong_manipulator_20206/doc/ppt) by extension 'python_setup_py'
[0.501s] Level 1:colcon.colcon_core.package_identification:_identify(src/gong_manipulator_20206/etc) by extensions ['ignore', 'ignore_ament_install']
[0.501s] Level 1:colcon.colcon_core.package_identification:_identify(src/gong_manipulator_20206/etc) by extension 'ignore'
[0.501s] Level 1:colcon.colcon_core.package_identification:_identify(src/gong_manipulator_20206/etc) by extension 'ignore_ament_install'
[0.501s] Level 1:colcon.colcon_core.package_identification:_identify(src/gong_manipulator_20206/etc) by extensions ['colcon_pkg']
[0.501s] Level 1:colcon.colcon_core.package_identification:_identify(src/gong_manipulator_20206/etc) by extension 'colcon_pkg'
[0.501s] Level 1:colcon.colcon_core.package_identification:_identify(src/gong_manipulator_20206/etc) by extensions ['colcon_meta']
[0.501s] Level 1:colcon.colcon_core.package_identification:_identify(src/gong_manipulator_20206/etc) by extension 'colcon_meta'
[0.501s] Level 1:colcon.colcon_core.package_identification:_identify(src/gong_manipulator_20206/etc) by extensions ['ros']
[0.501s] Level 1:colcon.colcon_core.package_identification:_identify(src/gong_manipulator_20206/etc) by extension 'ros'
[0.501s] Level 1:colcon.colcon_core.package_identification:_identify(src/gong_manipulator_20206/etc) by extensions ['cmake', 'python']
[0.501s] Level 1:colcon.colcon_core.package_identification:_identify(src/gong_manipulator_20206/etc) by extension 'cmake'
[0.502s] Level 1:colcon.colcon_core.package_identification:_identify(src/gong_manipulator_20206/etc) by extension 'python'
[0.502s] Level 1:colcon.colcon_core.package_identification:_identify(src/gong_manipulator_20206/etc) by extensions ['python_setup_py']
[0.502s] Level 1:colcon.colcon_core.package_identification:_identify(src/gong_manipulator_20206/etc) by extension 'python_setup_py'
[0.502s] Level 1:colcon.colcon_core.package_identification:_identify(src/gong_manipulator_20206/gong_ws) by extensions ['ignore', 'ignore_ament_install']
[0.502s] Level 1:colcon.colcon_core.package_identification:_identify(src/gong_manipulator_20206/gong_ws) by extension 'ignore'
[0.502s] Level 1:colcon.colcon_core.package_identification:_identify(src/gong_manipulator_20206/gong_ws) by extension 'ignore_ament_install'
[0.502s] Level 1:colcon.colcon_core.package_identification:_identify(src/gong_manipulator_20206/gong_ws) by extensions ['colcon_pkg']
[0.502s] Level 1:colcon.colcon_core.package_identification:_identify(src/gong_manipulator_20206/gong_ws) by extension 'colcon_pkg'
[0.502s] Level 1:colcon.colcon_core.package_identification:_identify(src/gong_manipulator_20206/gong_ws) by extensions ['colcon_meta']
[0.502s] Level 1:colcon.colcon_core.package_identification:_identify(src/gong_manipulator_20206/gong_ws) by extension 'colcon_meta'
[0.502s] Level 1:colcon.colcon_core.package_identification:_identify(src/gong_manipulator_20206/gong_ws) by extensions ['ros']
[0.502s] Level 1:colcon.colcon_core.package_identification:_identify(src/gong_manipulator_20206/gong_ws) by extension 'ros'
[0.502s] Level 1:colcon.colcon_core.package_identification:_identify(src/gong_manipulator_20206/gong_ws) by extensions ['cmake', 'python']
[0.502s] Level 1:colcon.colcon_core.package_identification:_identify(src/gong_manipulator_20206/gong_ws) by extension 'cmake'
[0.502s] Level 1:colcon.colcon_core.package_identification:_identify(src/gong_manipulator_20206/gong_ws) by extension 'python'
[0.502s] Level 1:colcon.colcon_core.package_identification:_identify(src/gong_manipulator_20206/gong_ws) by extensions ['python_setup_py']
[0.502s] Level 1:colcon.colcon_core.package_identification:_identify(src/gong_manipulator_20206/gong_ws) by extension 'python_setup_py'
[0.502s] Level 1:colcon.colcon_core.package_identification:_identify(src/gong_manipulator_20206/gong_ws/src) by extensions ['ignore', 'ignore_ament_install']
[0.502s] Level 1:colcon.colcon_core.package_identification:_identify(src/gong_manipulator_20206/gong_ws/src) by extension 'ignore'
[0.502s] Level 1:colcon.colcon_core.package_identification:_identify(src/gong_manipulator_20206/gong_ws/src) by extension 'ignore_ament_install'
[0.502s] Level 1:colcon.colcon_core.package_identification:_identify(src/gong_manipulator_20206/gong_ws/src) by extensions ['colcon_pkg']
[0.502s] Level 1:colcon.colcon_core.package_identification:_identify(src/gong_manipulator_20206/gong_ws/src) by extension 'colcon_pkg'
[0.502s] Level 1:colcon.colcon_core.package_identification:_identify(src/gong_manipulator_20206/gong_ws/src) by extensions ['colcon_meta']
[0.502s] Level 1:colcon.colcon_core.package_identification:_identify(src/gong_manipulator_20206/gong_ws/src) by extension 'colcon_meta'
[0.502s] Level 1:colcon.colcon_core.package_identification:_identify(src/gong_manipulator_20206/gong_ws/src) by extensions ['ros']
[0.502s] Level 1:colcon.colcon_core.package_identification:_identify(src/gong_manipulator_20206/gong_ws/src) by extension 'ros'
[0.502s] Level 1:colcon.colcon_core.package_identification:_identify(src/gong_manipulator_20206/gong_ws/src) by extensions ['cmake', 'python']
[0.502s] Level 1:colcon.colcon_core.package_identification:_identify(src/gong_manipulator_20206/gong_ws/src) by extension 'cmake'
[0.502s] Level 1:colcon.colcon_core.package_identification:_identify(src/gong_manipulator_20206/gong_ws/src) by extension 'python'
[0.502s] Level 1:colcon.colcon_core.package_identification:_identify(src/gong_manipulator_20206/gong_ws/src) by extensions ['python_setup_py']
[0.502s] Level 1:colcon.colcon_core.package_identification:_identify(src/gong_manipulator_20206/gong_ws/src) by extension 'python_setup_py'
[0.502s] Level 1:colcon.colcon_core.package_identification:_identify(src/gong_manipulator_20206/gong_ws/src/gong_basic) by extensions ['ignore', 'ignore_ament_install']
[0.502s] Level 1:colcon.colcon_core.package_identification:_identify(src/gong_manipulator_20206/gong_ws/src/gong_basic) by extension 'ignore'
[0.502s] Level 1:colcon.colcon_core.package_identification:_identify(src/gong_manipulator_20206/gong_ws/src/gong_basic) by extension 'ignore_ament_install'
[0.502s] Level 1:colcon.colcon_core.package_identification:_identify(src/gong_manipulator_20206/gong_ws/src/gong_basic) by extensions ['colcon_pkg']
[0.502s] Level 1:colcon.colcon_core.package_identification:_identify(src/gong_manipulator_20206/gong_ws/src/gong_basic) by extension 'colcon_pkg'
[0.502s] Level 1:colcon.colcon_core.package_identification:_identify(src/gong_manipulator_20206/gong_ws/src/gong_basic) by extensions ['colcon_meta']
[0.502s] Level 1:colcon.colcon_core.package_identification:_identify(src/gong_manipulator_20206/gong_ws/src/gong_basic) by extension 'colcon_meta'
[0.502s] Level 1:colcon.colcon_core.package_identification:_identify(src/gong_manipulator_20206/gong_ws/src/gong_basic) by extensions ['ros']
[0.502s] Level 1:colcon.colcon_core.package_identification:_identify(src/gong_manipulator_20206/gong_ws/src/gong_basic) by extension 'ros'
[0.503s] DEBUG:colcon.colcon_core.package_identification:Package 'src/gong_manipulator_20206/gong_ws/src/gong_basic' with type 'ros.ament_python' and name 'gong_basic'
[0.503s] Level 1:colcon.colcon_core.package_identification:_identify(src/gong_manipulator_20206/gong_ws/src/user_interface) by extensions ['ignore', 'ignore_ament_install']
[0.503s] Level 1:colcon.colcon_core.package_identification:_identify(src/gong_manipulator_20206/gong_ws/src/user_interface) by extension 'ignore'
[0.503s] Level 1:colcon.colcon_core.package_identification:_identify(src/gong_manipulator_20206/gong_ws/src/user_interface) by extension 'ignore_ament_install'
[0.503s] Level 1:colcon.colcon_core.package_identification:_identify(src/gong_manipulator_20206/gong_ws/src/user_interface) by extensions ['colcon_pkg']
[0.503s] Level 1:colcon.colcon_core.package_identification:_identify(src/gong_manipulator_20206/gong_ws/src/user_interface) by extension 'colcon_pkg'
[0.503s] Level 1:colcon.colcon_core.package_identification:_identify(src/gong_manipulator_20206/gong_ws/src/user_interface) by extensions ['colcon_meta']
[0.503s] Level 1:colcon.colcon_core.package_identification:_identify(src/gong_manipulator_20206/gong_ws/src/user_interface) by extension 'colcon_meta'
[0.503s] Level 1:colcon.colcon_core.package_identification:_identify(src/gong_manipulator_20206/gong_ws/src/user_interface) by extensions ['ros']
[0.503s] Level 1:colcon.colcon_core.package_identification:_identify(src/gong_manipulator_20206/gong_ws/src/user_interface) by extension 'ros'
[0.504s] DEBUG:colcon.colcon_core.package_identification:Package 'src/gong_manipulator_20206/gong_ws/src/user_interface' with type 'ros.ament_cmake' and name 'user_interface'
[0.504s] Level 1:colcon.colcon_core.package_identification:_identify(user_interface) by extensions ['ignore', 'ignore_ament_install']
[0.504s] Level 1:colcon.colcon_core.package_identification:_identify(user_interface) by extension 'ignore'
[0.504s] Level 1:colcon.colcon_core.package_identification:_identify(user_interface) by extension 'ignore_ament_install'
[0.504s] Level 1:colcon.colcon_core.package_identification:_identify(user_interface) by extensions ['colcon_pkg']
[0.504s] Level 1:colcon.colcon_core.package_identification:_identify(user_interface) by extension 'colcon_pkg'
[0.504s] Level 1:colcon.colcon_core.package_identification:_identify(user_interface) by extensions ['colcon_meta']
[0.504s] Level 1:colcon.colcon_core.package_identification:_identify(user_interface) by extension 'colcon_meta'
[0.504s] Level 1:colcon.colcon_core.package_identification:_identify(user_interface) by extensions ['ros']
[0.504s] Level 1:colcon.colcon_core.package_identification:_identify(user_interface) by extension 'ros'
[0.504s] DEBUG:colcon.colcon_core.package_identification:Package 'user_interface' with type 'ros.ament_cmake' and name 'user_interface'
[0.504s] Level 1:colcon.colcon_core.package_discovery:discover_packages(recursive) using defaults
[0.504s] Level 1:colcon.colcon_core.package_discovery:discover_packages(ignore) discover
[0.504s] Level 1:colcon.colcon_core.package_discovery:discover_packages(ignore) using defaults
[0.504s] Level 1:colcon.colcon_core.package_discovery:discover_packages(path) discover
[0.504s] Level 1:colcon.colcon_core.package_discovery:discover_packages(path) using defaults
[0.537s] Level 1:colcon.colcon_core.package_discovery:discover_packages(prefix_path) check parameters
[0.537s] Level 1:colcon.colcon_core.package_discovery:discover_packages(prefix_path) discover
[0.539s] WARNING:colcon.colcon_ros.prefix_path.ament:The path '/home/leeji/ROS-Robotic-Arm-Control/WorkSpace_ROS/install/gong_basic' in the environment variable AMENT_PREFIX_PATH doesn't exist
[0.539s] WARNING:colcon.colcon_ros.prefix_path.ament:The path '/home/leeji/ROS-Robotic-Arm-Control/WorkSpace_ROS/install/user_interface' in the environment variable AMENT_PREFIX_PATH doesn't exist
[0.540s] WARNING:colcon.colcon_ros.prefix_path.catkin:The path '/home/leeji/ROS-Robotic-Arm-Control/WorkSpace_ROS/install/user_interface' in the environment variable CMAKE_PREFIX_PATH doesn't exist
[0.541s] DEBUG:colcon.colcon_installed_package_information.package_discovery:Found 0 installed packages in /home/leeji/ROS-Robotic-Arm-Control/WorkSpace_ROS/install
[0.543s] DEBUG:colcon.colcon_installed_package_information.package_discovery:Found 287 installed packages in /opt/ros/jazzy
[0.543s] Level 1:colcon.colcon_core.package_discovery:discover_packages(prefix_path) using defaults
[0.634s] ERROR:colcon:colcon build: Duplicate package names not supported:
- gong_basic:
  - src/gong_basic
  - src/gong_manipulator_20206/gong_ws/src/gong_basic
- user_interface:
  - src/gong_manipulator_20206/gong_ws/src/user_interface
  - user_interface
