[2.806s] Invoking command in '/home/leeji/ROS-Robotic-Arm-Control/WorkSpace_ROS/build/gong_basic': PYTHONPATH=/home/leeji/ROS-Robotic-Arm-Control/WorkSpace_ROS/build/gong_basic/prefix_override:/usr/lib/python3/dist-packages/colcon_core/task/python/colcon_distutils_commands:/home/leeji/ROS-Robotic-Arm-Control/WorkSpace_ROS/install/gong_basic/lib/python3.12/site-packages:${PYTHONPATH} /usr/bin/python3 -W ignore:setup.py install is deprecated -W ignore:easy_install command is deprecated setup.py develop --editable --build-directory /home/leeji/ROS-Robotic-Arm-Control/WorkSpace_ROS/build/gong_basic/build --no-deps symlink_data
[3.157s] running develop
[3.390s] running egg_info
[3.412s] writing gong_basic.egg-info/PKG-INFO
[3.413s] writing dependency_links to gong_basic.egg-info/dependency_links.txt
[3.413s] writing entry points to gong_basic.egg-info/entry_points.txt
[3.413s] writing requirements to gong_basic.egg-info/requires.txt
[3.414s] writing top-level names to gong_basic.egg-info/top_level.txt
[3.475s] reading manifest file 'gong_basic.egg-info/SOURCES.txt'
[3.477s] writing manifest file 'gong_basic.egg-info/SOURCES.txt'
[3.498s] running build_ext
[3.498s] Creating /home/leeji/ROS-Robotic-Arm-Control/WorkSpace_ROS/install/gong_basic/lib/python3.12/site-packages/gong-basic.egg-link (link to .)
[3.499s] Installing class_pub script to /home/leeji/ROS-Robotic-Arm-Control/WorkSpace_ROS/install/gong_basic/lib/gong_basic
[3.499s] Installing class_sub script to /home/leeji/ROS-Robotic-Arm-Control/WorkSpace_ROS/install/gong_basic/lib/gong_basic
[3.500s] Installing header_pub script to /home/leeji/ROS-Robotic-Arm-Control/WorkSpace_ROS/install/gong_basic/lib/gong_basic
[3.500s] Installing simple_pub script to /home/leeji/ROS-Robotic-Arm-Control/WorkSpace_ROS/install/gong_basic/lib/gong_basic
[3.500s] 
[3.500s] Installed /home/leeji/ROS-Robotic-Arm-Control/WorkSpace_ROS/build/gong_basic
[3.500s] running symlink_data
[3.548s] Invoked command in '/home/leeji/ROS-Robotic-Arm-Control/WorkSpace_ROS/build/gong_basic' returned '0': PYTHONPATH=/home/leeji/ROS-Robotic-Arm-Control/WorkSpace_ROS/build/gong_basic/prefix_override:/usr/lib/python3/dist-packages/colcon_core/task/python/colcon_distutils_commands:/home/leeji/ROS-Robotic-Arm-Control/WorkSpace_ROS/install/gong_basic/lib/python3.12/site-packages:${PYTHONPATH} /usr/bin/python3 -W ignore:setup.py install is deprecated -W ignore:easy_install command is deprecated setup.py develop --editable --build-directory /home/leeji/ROS-Robotic-Arm-Control/WorkSpace_ROS/build/gong_basic/build --no-deps symlink_data
