running develop
running egg_info
writing gong_basic.egg-info/PKG-INFO
writing dependency_links to gong_basic.egg-info/dependency_links.txt
writing entry points to gong_basic.egg-info/entry_points.txt
writing requirements to gong_basic.egg-info/requires.txt
writing top-level names to gong_basic.egg-info/top_level.txt
reading manifest file 'gong_basic.egg-info/SOURCES.txt'
writing manifest file 'gong_basic.egg-info/SOURCES.txt'
running build_ext
Creating /home/leeji/ROS-Robotic-Arm-Control/WorkSpace_ROS/install/gong_basic/lib/python3.12/site-packages/gong-basic.egg-link (link to .)
Installing class_pub script to /home/leeji/ROS-Robotic-Arm-Control/WorkSpace_ROS/install/gong_basic/lib/gong_basic
Installing class_sub script to /home/leeji/ROS-Robotic-Arm-Control/WorkSpace_ROS/install/gong_basic/lib/gong_basic
Installing header_pub script to /home/leeji/ROS-Robotic-Arm-Control/WorkSpace_ROS/install/gong_basic/lib/gong_basic
Installing header_sub script to /home/leeji/ROS-Robotic-Arm-Control/WorkSpace_ROS/install/gong_basic/lib/gong_basic
Installing move_turtle script to /home/leeji/ROS-Robotic-Arm-Control/WorkSpace_ROS/install/gong_basic/lib/gong_basic
Installing mtsub_node script to /home/leeji/ROS-Robotic-Arm-Control/WorkSpace_ROS/install/gong_basic/lib/gong_basic
Installing qos_test_pub script to /home/leeji/ROS-Robotic-Arm-Control/WorkSpace_ROS/install/gong_basic/lib/gong_basic
Installing qos_test_sub script to /home/leeji/ROS-Robotic-Arm-Control/WorkSpace_ROS/install/gong_basic/lib/gong_basic
Installing simple_pub script to /home/leeji/ROS-Robotic-Arm-Control/WorkSpace_ROS/install/gong_basic/lib/gong_basic

Installed /home/leeji/ROS-Robotic-Arm-Control/WorkSpace_ROS/build/gong_basic
running symlink_data
